#
# There is insufficient memory for the Java Runtime Environment to continue.
# Native memory allocation (malloc) failed to allocate 1048576 bytes. Error detail: AllocateHeap
# Possible reasons:
#   The system is out of physical RAM or swap space
#   This process is running with CompressedOops enabled, and the Java Heap may be blocking the growth of the native heap
# Possible solutions:
#   Reduce memory load on the system
#   Increase physical memory or swap space
#   Check if swap backing store is full
#   Decrease Java heap size (-Xmx/-Xms)
#   Decrease number of Java threads
#   Decrease Java thread stack sizes (-Xss)
#   Set larger code cache with -XX:ReservedCodeCacheSize=
#   JVM is running with Unscaled Compressed Oops mode in which the Java heap is
#     placed in the first 4GB address space. The Java Heap base address is the
#     maximum limit for the native heap growth. Please use -XX:HeapBaseMinAddress
#     to set the Java Heap base and to place the Java Heap above 4GB virtual address.
# This output file may be truncated or incomplete.
#
#  Out of Memory Error (allocation.cpp:44), pid=47284, tid=18320
#
# JRE version: OpenJDK Runtime Environment Temurin-21.0.9+10 (21.0.9+10) (build 21.0.9+10-LTS)
# Java VM: OpenJDK 64-Bit Server VM Temurin-21.0.9+10 (21.0.9+10-LTS, mixed mode, sharing, tiered, compressed oops, compressed class ptrs, parallel gc, windows-amd64)
# No core dump will be written. Minidumps are not enabled by default on client versions of Windows
#

---------------  S U M M A R Y ------------

Command Line: --add-modules=ALL-SYSTEM --add-opens=java.base/java.util=ALL-UNNAMED --add-opens=java.base/java.lang=ALL-UNNAMED --add-opens=java.base/sun.nio.fs=ALL-UNNAMED -Declipse.application=org.eclipse.jdt.ls.core.id1 -Dosgi.bundles.defaultStartLevel=4 -Declipse.product=org.eclipse.jdt.ls.core.product -Djava.import.generatesMetadataFilesAtProjectRoot=false -DDetectVMInstallationsJob.disabled=true -Dfile.encoding=utf8 -XX:+UseParallelGC -XX:GCTimeRatio=4 -XX:AdaptiveSizePolicyWeight=90 -Dsun.zip.disableMemoryMapping=true -Xmx2G -Xms100m -Xlog:disable -javaagent:c:\Users\dears\.vscode\extensions\redhat.java-1.50.0-win32-x64\lombok\lombok-1.18.39-4050.jar -XX:+HeapDumpOnOutOfMemoryError -XX:HeapDumpPath=c:\Users\dears\AppData\Roaming\Code\User\workspaceStorage\d3d7117cd461c3c55b8a97cf9eed5ad9\redhat.java -Daether.dependencyCollector.impl=bf c:\Users\dears\.vscode\extensions\redhat.java-1.50.0-win32-x64\server\plugins\org.eclipse.equinox.launcher_1.7.100.v20251111-0406.jar -configuration c:\Users\dears\AppData\Roaming\Code\User\globalStorage\redhat.java\1.50.0\config_win -data c:\Users\dears\AppData\Roaming\Code\User\workspaceStorage\d3d7117cd461c3c55b8a97cf9eed5ad9\redhat.java\jdt_ws --pipe=\\.\pipe\lsp-5d1bbe0134ef4c5b0e5ba40c829bae19-sock

Host: 12th Gen Intel(R) Core(TM) i7-1260P, 16 cores, 15G,  Windows 11 , 64 bit Build 26100 (10.0.26100.7309)
Time: Tue Jan  6 04:51:03 2026 Eastern Standard Time elapsed time: 152575.195550 seconds (1d 18h 22m 55s)

---------------  T H R E A D  ---------------

Current thread (0x0000022df9fe1ca0):  JavaThread "Attach Listener" daemon [_thread_in_vm, id=18320, stack(0x000000c568600000,0x000000c568700000) (1024K)]

Stack: [0x000000c568600000,0x000000c568700000]
Native frames: (J=compiled Java code, j=interpreted, Vv=VM code, C=native code)
V  [jvm.dll+0x6d6e29]
V  [jvm.dll+0x8b4b76]
V  [jvm.dll+0x8b712e]
V  [jvm.dll+0x8b7813]
V  [jvm.dll+0x283d86]
V  [jvm.dll+0xc1277]
V  [jvm.dll+0x6d76d9]
V  [jvm.dll+0x133466]
V  [jvm.dll+0x3f7ea6]
V  [jvm.dll+0x85e9ad]
V  [jvm.dll+0x6d565d]
C  [ucrtbase.dll+0x37b0]
C  [KERNEL32.DLL+0x2e8d7]
C  [ntdll.dll+0x8c53c]


---------------  P R O C E S S  ---------------

Threads class SMR info:
_java_thread_list=0x0000022ddce0b6a0, length=42, elements={
0x0000022df9f31650, 0x0000022df9fd4370, 0x0000022df9edda90, 0x0000022df9fe0f80,
0x0000022df9fe1ca0, 0x0000022df9fe29c0, 0x0000022df9fe4400, 0x0000022df9fee490,
0x0000022dfeccdf50, 0x0000022df9fe36e0, 0x0000022df9fe1610, 0x0000022df9fe3050,
0x0000022df9fe2330, 0x0000022dd9275560, 0x0000022dd9279070, 0x0000022dd9278350,
0x0000022dd9277cc0, 0x0000022dd9276910, 0x0000022dd9279700, 0x0000022dd9276280,
0x0000022dd927aab0, 0x0000022dd9277630, 0x0000022dd927b140, 0x0000022dd927c4f0,
0x0000022dd927b7d0, 0x0000022dd927be60, 0x0000022dd927cb80, 0x0000022ddb1218f0,
0x0000022ddb122ca0, 0x0000022ddb121260, 0x0000022ddb1239c0, 0x0000022ddb120540,
0x0000022ddb120bd0, 0x0000022ddb1246e0, 0x0000022ddb123330, 0x0000022ddb124050,
0x0000022ddb124d70, 0x0000022ddb125400, 0x0000022ddb126e40, 0x0000022ddb126120,
0x0000022ddcd13680, 0x0000022ddcd11c40
}

Java Threads: ( => current thread )
  0x0000022df9f31650 JavaThread "main"                              [_thread_blocked, id=12080, stack(0x000000c567f00000,0x000000c568000000) (1024K)]
  0x0000022df9fd4370 JavaThread "Reference Handler"          daemon [_thread_blocked, id=49440, stack(0x000000c568300000,0x000000c568400000) (1024K)]
  0x0000022df9edda90 JavaThread "Finalizer"                  daemon [_thread_blocked, id=49764, stack(0x000000c568400000,0x000000c568500000) (1024K)]
  0x0000022df9fe0f80 JavaThread "Signal Dispatcher"          daemon [_thread_blocked, id=37004, stack(0x000000c568500000,0x000000c568600000) (1024K)]
=>0x0000022df9fe1ca0 JavaThread "Attach Listener"            daemon [_thread_in_vm, id=18320, stack(0x000000c568600000,0x000000c568700000) (1024K)]
  0x0000022df9fe29c0 JavaThread "Service Thread"             daemon [_thread_blocked, id=43908, stack(0x000000c568700000,0x000000c568800000) (1024K)]
  0x0000022df9fe4400 JavaThread "Monitor Deflation Thread"   daemon [_thread_blocked, id=3364, stack(0x000000c568800000,0x000000c568900000) (1024K)]
  0x0000022df9fee490 JavaThread "C2 CompilerThread0"         daemon [_thread_blocked, id=2000, stack(0x000000c568900000,0x000000c568a00000) (1024K)]
  0x0000022dfeccdf50 JavaThread "C1 CompilerThread0"         daemon [_thread_blocked, id=54220, stack(0x000000c568a00000,0x000000c568b00000) (1024K)]
  0x0000022df9fe36e0 JavaThread "Common-Cleaner"             daemon [_thread_blocked, id=31720, stack(0x000000c568e00000,0x000000c568f00000) (1024K)]
  0x0000022df9fe1610 JavaThread "Notification Thread"        daemon [_thread_blocked, id=24048, stack(0x000000c568f00000,0x000000c569000000) (1024K)]
  0x0000022df9fe3050 JavaThread "Active Thread: Equinox Container: 9699eff5-dcf2-413f-9ded-b544f2005e90"        [_thread_blocked, id=43776, stack(0x000000c569800000,0x000000c569900000) (1024K)]
  0x0000022df9fe2330 JavaThread "Refresh Thread: Equinox Container: 9699eff5-dcf2-413f-9ded-b544f2005e90" daemon [_thread_blocked, id=31700, stack(0x000000c569a00000,0x000000c569b00000) (1024K)]
  0x0000022dd9275560 JavaThread "Framework Event Dispatcher: Equinox Container: 9699eff5-dcf2-413f-9ded-b544f2005e90" daemon [_thread_blocked, id=35380, stack(0x000000c569b00000,0x000000c569c00000) (1024K)]
  0x0000022dd9279070 JavaThread "Start Level: Equinox Container: 9699eff5-dcf2-413f-9ded-b544f2005e90" daemon [_thread_blocked, id=28752, stack(0x000000c569c00000,0x000000c569d00000) (1024K)]
  0x0000022dd9278350 JavaThread "Bundle File Closer"         daemon [_thread_blocked, id=42412, stack(0x000000c56a000000,0x000000c56a100000) (1024K)]
  0x0000022dd9277cc0 JavaThread "SCR Component Actor"        daemon [_thread_blocked, id=36160, stack(0x000000c56a100000,0x000000c56a200000) (1024K)]
  0x0000022dd9276910 JavaThread "Worker-JM"                         [_thread_blocked, id=33012, stack(0x000000c56a300000,0x000000c56a400000) (1024K)]
  0x0000022dd9279700 JavaThread "Java indexing"              daemon [_thread_blocked, id=35536, stack(0x000000c56a900000,0x000000c56aa00000) (1024K)]
  0x0000022dd9276280 JavaThread "JNA Cleaner"                daemon [_thread_blocked, id=46208, stack(0x000000c56a800000,0x000000c56a900000) (1024K)]
  0x0000022dd927aab0 JavaThread "Thread-1"                   daemon [_thread_in_native, id=31764, stack(0x000000c56ae00000,0x000000c56af00000) (1024K)]
  0x0000022dd9277630 JavaThread "Thread-2"                   daemon [_thread_in_native, id=4592, stack(0x000000c56af00000,0x000000c56b000000) (1024K)]
  0x0000022dd927b140 JavaThread "Thread-3"                   daemon [_thread_in_native, id=48456, stack(0x000000c56b000000,0x000000c56b100000) (1024K)]
  0x0000022dd927c4f0 JavaThread "Thread-4"                   daemon [_thread_in_native, id=40792, stack(0x000000c56b100000,0x000000c56b200000) (1024K)]
  0x0000022dd927b7d0 JavaThread "Thread-5"                   daemon [_thread_in_native, id=49556, stack(0x000000c56b200000,0x000000c56b300000) (1024K)]
  0x0000022dd927be60 JavaThread "Thread-6"                   daemon [_thread_in_native, id=37788, stack(0x000000c56b300000,0x000000c56b400000) (1024K)]
  0x0000022dd927cb80 JavaThread "Thread-7"                   daemon [_thread_in_native, id=41160, stack(0x000000c56b400000,0x000000c56b500000) (1024K)]
  0x0000022ddb1218f0 JavaThread "Thread-8"                   daemon [_thread_in_native, id=11344, stack(0x000000c56b500000,0x000000c56b600000) (1024K)]
  0x0000022ddb122ca0 JavaThread "Thread-9"                   daemon [_thread_in_native, id=54040, stack(0x000000c56b600000,0x000000c56b700000) (1024K)]
  0x0000022ddb121260 JavaThread "Thread-10"                  daemon [_thread_in_native, id=10160, stack(0x000000c56b700000,0x000000c56b800000) (1024K)]
  0x0000022ddb1239c0 JavaThread "Thread-11"                  daemon [_thread_in_native, id=35308, stack(0x000000c56b800000,0x000000c56b900000) (1024K)]
  0x0000022ddb120540 JavaThread "Thread-12"                  daemon [_thread_in_native, id=45804, stack(0x000000c56b900000,0x000000c56ba00000) (1024K)]
  0x0000022ddb120bd0 JavaThread "Thread-13"                  daemon [_thread_in_native, id=53440, stack(0x000000c56ba00000,0x000000c56bb00000) (1024K)]
  0x0000022ddb1246e0 JavaThread "Thread-14"                  daemon [_thread_in_native, id=42520, stack(0x000000c56bb00000,0x000000c56bc00000) (1024K)]
  0x0000022ddb123330 JavaThread "Thread-15"                  daemon [_thread_in_native, id=44520, stack(0x000000c56bc00000,0x000000c56bd00000) (1024K)]
  0x0000022ddb124050 JavaThread "Thread-16"                  daemon [_thread_in_native, id=27372, stack(0x000000c56bd00000,0x000000c56be00000) (1024K)]
  0x0000022ddb124d70 JavaThread "Thread-17"                  daemon [_thread_in_native, id=15488, stack(0x000000c56be00000,0x000000c56bf00000) (1024K)]
  0x0000022ddb125400 JavaThread "pool-2-thread-1"                   [_thread_blocked, id=54640, stack(0x000000c56bf00000,0x000000c56c000000) (1024K)]
  0x0000022ddb126e40 JavaThread "WorkspaceEventsHandler"            [_thread_blocked, id=52236, stack(0x000000c56c700000,0x000000c56c800000) (1024K)]
  0x0000022ddb126120 JavaThread "pool-1-thread-1"                   [_thread_blocked, id=54560, stack(0x000000c56c800000,0x000000c56c900000) (1024K)]
  0x0000022ddcd13680 JavaThread "Worker-13"                         [_thread_blocked, id=30308, stack(0x000000c567c00000,0x000000c567d00000) (1024K)]
  0x0000022ddcd11c40 JavaThread "Worker-16"                         [_thread_blocked, id=50088, stack(0x000000c567d00000,0x000000c567e00000) (1024K)]
Total: 42

Other Threads:
  0x0000022df9ec3f60 VMThread "VM Thread"                           [id=20020, stack(0x000000c568200000,0x000000c568300000) (1024K)]
  0x0000022df9dbba00 WatcherThread "VM Periodic Task Thread"        [id=29948, stack(0x000000c568100000,0x000000c568200000) (1024K)]
  0x0000022df9f4fcc0 WorkerThread "GC Thread#0"                     [id=9788, stack(0x000000c568000000,0x000000c568100000) (1024K)]
  0x0000022dd4a40890 WorkerThread "GC Thread#1"                     [id=912, stack(0x000000c569100000,0x000000c569200000) (1024K)]
  0x0000022dd4a40c30 WorkerThread "GC Thread#2"                     [id=35640, stack(0x000000c569200000,0x000000c569300000) (1024K)]
  0x0000022dd926a010 WorkerThread "GC Thread#3"                     [id=40716, stack(0x000000c569300000,0x000000c569400000) (1024K)]
  0x0000022dd926a3b0 WorkerThread "GC Thread#4"                     [id=46436, stack(0x000000c569400000,0x000000c569500000) (1024K)]
  0x0000022dd926a750 WorkerThread "GC Thread#5"                     [id=13680, stack(0x000000c569500000,0x000000c569600000) (1024K)]
  0x0000022dd4785770 WorkerThread "GC Thread#6"                     [id=54136, stack(0x000000c569600000,0x000000c569700000) (1024K)]
  0x0000022dd4784550 WorkerThread "GC Thread#7"                     [id=23632, stack(0x000000c569900000,0x000000c569a00000) (1024K)]
  0x0000022dd4784c90 WorkerThread "GC Thread#8"                     [id=18896, stack(0x000000c569d00000,0x000000c569e00000) (1024K)]
  0x0000022dd47848f0 WorkerThread "GC Thread#9"                     [id=46444, stack(0x000000c569e00000,0x000000c569f00000) (1024K)]
  0x0000022dd4785b10 WorkerThread "GC Thread#10"                    [id=35980, stack(0x000000c569f00000,0x000000c56a000000) (1024K)]
  0x0000022dd47853d0 WorkerThread "GC Thread#11"                    [id=29776, stack(0x000000c56a200000,0x000000c56a300000) (1024K)]
  0x0000022dd4785eb0 WorkerThread "GC Thread#12"                    [id=29056, stack(0x000000c56a400000,0x000000c56a500000) (1024K)]
Total: 15

Threads with active compile tasks:
Total: 0

VM state: not at safepoint (normal execution)

VM Mutex/Monitor currently owned by a thread: None

Heap address: 0x0000000080000000, size: 2048 MB, Compressed Oops mode: 32-bit

CDS archive(s) mapped at: [0x0000022d93000000-0x0000022d93ba0000-0x0000022d93ba0000), size 12189696, SharedBaseAddress: 0x0000022d93000000, ArchiveRelocationMode: 1.
Compressed class space mapped at: 0x0000022d94000000-0x0000022dd4000000, reserved size: 1073741824
Narrow klass base: 0x0000022d93000000, Narrow klass shift: 0, Narrow klass range: 0x100000000

GC Precious Log:
 CardTable entry size: 512
 CPUs: 16 total, 16 available
 Memory: 16052M
 Large Page Support: Disabled
 NUMA Support: Disabled
 Compressed Oops: Enabled (32-bit)
 Alignments: Space 512K, Generation 512K, Heap 2M
 Heap Min Capacity: 100M
 Heap Initial Capacity: 100M
 Heap Max Capacity: 2G
 Pre-touch: Disabled
 Parallel Workers: 13

Heap:
 PSYoungGen      total 3584K, used 1884K [0x00000000d5580000, 0x00000000d5b00000, 0x0000000100000000)
  eden space 3072K, 48% used [0x00000000d5580000,0x00000000d56f70c8,0x00000000d5880000)
  from space 512K, 75% used [0x00000000d5a80000,0x00000000d5ae0000,0x00000000d5b00000)
  to   space 512K, 0% used [0x00000000d5a00000,0x00000000d5a00000,0x00000000d5a80000)
 ParOldGen       total 831488K, used 830758K [0x0000000080000000, 0x00000000b2c00000, 0x00000000d5580000)
  object space 831488K, 99% used [0x0000000080000000,0x00000000b2b49800,0x00000000b2c00000)
 Metaspace       used 73222K, committed 74816K, reserved 1179648K
  class space    used 7701K, committed 8384K, reserved 1048576K

Card table byte_map: [0x0000022df98d0000,0x0000022df9ce0000] _byte_map_base: 0x0000022df94d0000

Marking Bits: (ParMarkBitMap*) 0x00007ffd10fb2460
 Begin Bits: [0x0000022d8f000000, 0x0000022d91000000)
 End Bits:   [0x0000022d91000000, 0x0000022d93000000)

Polling page: 0x0000022df7d40000

Metaspace:

Usage:
  Non-class:     63.98 MB used.
      Class:      7.52 MB used.
       Both:     71.51 MB used.

Virtual space:
  Non-class space:      128.00 MB reserved,      64.88 MB ( 51%) committed,  2 nodes.
      Class space:        1.00 GB reserved,       8.19 MB ( <1%) committed,  1 nodes.
             Both:        1.12 GB reserved,      73.06 MB (  6%) committed. 

Chunk freelists:
   Non-Class:  14.72 MB
       Class:  7.67 MB
        Both:  22.40 MB

MaxMetaspaceSize: unlimited
CompressedClassSpaceSize: 1.00 GB
Initial GC threshold: 21.00 MB
Current GC threshold: 97.31 MB
CDS: on
 - commit_granule_bytes: 65536.
 - commit_granule_words: 8192.
 - virtual_space_node_default_size: 8388608.
 - enlarge_chunks_in_place: 1.
 - use_allocation_guard: 0.


Internal statistics:

num_allocs_failed_limit: 9.
num_arena_births: 1292.
num_arena_deaths: 16.
num_vsnodes_births: 3.
num_vsnodes_deaths: 0.
num_space_committed: 1169.
num_space_uncommitted: 0.
num_chunks_returned_to_freelist: 25.
num_chunks_taken_from_freelist: 4573.
num_chunk_merges: 15.
num_chunk_splits: 2820.
num_chunks_enlarged: 1643.
num_inconsistent_stats: 0.

CodeHeap 'non-profiled nmethods': size=119168Kb used=14709Kb max_used=14709Kb free=104458Kb
 bounds [0x0000022d87ba0000, 0x0000022d88a00000, 0x0000022d8f000000]
CodeHeap 'profiled nmethods': size=119104Kb used=36894Kb max_used=36894Kb free=82209Kb
 bounds [0x0000022d80000000, 0x0000022d82410000, 0x0000022d87450000]
CodeHeap 'non-nmethods': size=7488Kb used=1481Kb max_used=3298Kb free=6006Kb
 bounds [0x0000022d87450000, 0x0000022d877a0000, 0x0000022d87ba0000]
CodeCache: size=245760Kb, used=53084Kb, max_used=54901Kb, free=192673Kb
 total_blobs=16025, nmethods=15231, adapters=697, full_count=0
Compilation: enabled, stopped_count=0, restarted_count=0

Compilation events (20 events):
Event: 122703.662 Thread 0x0000022dfeccdf50 16023  s    3       org.eclipse.core.internal.jobs.WorkerPool::decrementBusyThreads (38 bytes)
Event: 122703.663 Thread 0x0000022dfeccdf50 nmethod 16023 0x0000022d82405610 code [0x0000022d82405800, 0x0000022d82405c40]
Event: 122703.664 Thread 0x0000022dfeccdf50 16022       3       org.eclipse.core.internal.jobs.JobListeners::queueDone (19 bytes)
Event: 122703.677 Thread 0x0000022dfeccdf50 nmethod 16022 0x0000022d82405e10 code [0x0000022d82405fe0, 0x0000022d824062e8]
Event: 126303.727 Thread 0x0000022df9fee490 16025       4       sun.security.provider.HashDrbg::addBytes (130 bytes)
Event: 126303.747 Thread 0x0000022df9fee490 nmethod 16025 0x0000022d889f9610 code [0x0000022d889f97a0, 0x0000022d889f9b68]
Event: 132603.802 Thread 0x0000022dfeccdf50 16026       3       org.eclipse.core.internal.jobs.ThreadJob::push (123 bytes)
Event: 132603.832 Thread 0x0000022dfeccdf50 nmethod 16026 0x0000022d82406490 code [0x0000022d824066e0, 0x0000022d824071e8]
Event: 135243.959 Thread 0x0000022df9fee490 16027       4       org.eclipse.core.internal.jobs.JobManager::startJob (89 bytes)
Event: 135244.058 Thread 0x0000022df9fee490 nmethod 16027 0x0000022d889f9c90 code [0x0000022d889f9f60, 0x0000022d889fab70]
Event: 135543.876 Thread 0x0000022df9fee490 16028   !   4       org.eclipse.core.internal.jobs.JobManager::sleepHint (67 bytes)
Event: 135543.892 Thread 0x0000022df9fee490 nmethod 16028 0x0000022d889fb890 code [0x0000022d889fba40, 0x0000022d889fbf58]
Event: 141104.061 Thread 0x0000022df9fee490 16029       4       java.util.logging.Logger::isLoggable (27 bytes)
Event: 141104.075 Thread 0x0000022df9fee490 nmethod 16029 0x0000022d889fc310 code [0x0000022d889fc4a0, 0x0000022d889fc578]
Event: 142203.994 Thread 0x0000022df9fee490 16030  s!   4       org.eclipse.core.internal.jobs.WorkerPool::sleep (124 bytes)
Event: 142204.012 Thread 0x0000022df9fee490 nmethod 16030 0x0000022d889fc690 code [0x0000022d889fc880, 0x0000022d889fcd20]
Event: 145203.943 Thread 0x0000022dfeccdf50 16031       3       org.eclipse.core.internal.jobs.JobManager$$Lambda/0x0000022d94203000::<init> (20 bytes)
Event: 145203.947 Thread 0x0000022dfeccdf50 nmethod 16031 0x0000022d82407490 code [0x0000022d82407640, 0x0000022d824077e0]
Event: 149416.285 Thread 0x0000022df9fee490 16032       4       java.lang.Module::getClassLoader (20 bytes)
Event: 149416.298 Thread 0x0000022df9fee490 nmethod 16032 0x0000022d889fd010 code [0x0000022d889fd1a0, 0x0000022d889fd230]

GC Heap History (20 events):
Event: 64.688 GC heap before
{Heap before GC invocations=1198 (full 3):
 PSYoungGen      total 3072K, used 3040K [0x00000000d5580000, 0x00000000d5a00000, 0x0000000100000000)
  eden space 2560K, 100% used [0x00000000d5580000,0x00000000d5800000,0x00000000d5800000)
  from space 512K, 93% used [0x00000000d5980000,0x00000000d59f8020,0x00000000d5a00000)
  to   space 1024K, 0% used [0x00000000d5800000,0x00000000d5800000,0x00000000d5900000)
 ParOldGen       total 793088K, used 792845K [0x0000000080000000, 0x00000000b0680000, 0x00000000d5580000)
  object space 793088K, 99% used [0x0000000080000000,0x00000000b0643450,0x00000000b0680000)
 Metaspace       used 72558K, committed 74112K, reserved 1179648K
  class space    used 7627K, committed 8320K, reserved 1048576K
}
Event: 64.690 GC heap after
{Heap after GC invocations=1198 (full 3):
 PSYoungGen      total 3584K, used 378K [0x00000000d5580000, 0x00000000d5a00000, 0x0000000100000000)
  eden space 2560K, 0% used [0x00000000d5580000,0x00000000d5580000,0x00000000d5800000)
  from space 1024K, 36% used [0x00000000d5800000,0x00000000d585e900,0x00000000d5900000)
  to   space 512K, 0% used [0x00000000d5980000,0x00000000d5980000,0x00000000d5a00000)
 ParOldGen       total 793600K, used 793109K [0x0000000080000000, 0x00000000b0700000, 0x00000000d5580000)
  object space 793600K, 99% used [0x0000000080000000,0x00000000b0685470,0x00000000b0700000)
 Metaspace       used 72558K, committed 74112K, reserved 1179648K
  class space    used 7627K, committed 8320K, reserved 1048576K
}
Event: 64.694 GC heap before
{Heap before GC invocations=1199 (full 3):
 PSYoungGen      total 3584K, used 2928K [0x00000000d5580000, 0x00000000d5a00000, 0x0000000100000000)
  eden space 2560K, 99% used [0x00000000d5580000,0x00000000d57fd970,0x00000000d5800000)
  from space 1024K, 36% used [0x00000000d5800000,0x00000000d585e900,0x00000000d5900000)
  to   space 512K, 0% used [0x00000000d5980000,0x00000000d5980000,0x00000000d5a00000)
 ParOldGen       total 793600K, used 793109K [0x0000000080000000, 0x00000000b0700000, 0x00000000d5580000)
  object space 793600K, 99% used [0x0000000080000000,0x00000000b0685470,0x00000000b0700000)
 Metaspace       used 72558K, committed 74112K, reserved 1179648K
  class space    used 7627K, committed 8320K, reserved 1048576K
}
Event: 64.697 GC heap after
{Heap after GC invocations=1199 (full 3):
 PSYoungGen      total 3072K, used 502K [0x00000000d5580000, 0x00000000d5b00000, 0x0000000100000000)
  eden space 2560K, 0% used [0x00000000d5580000,0x00000000d5580000,0x00000000d5800000)
  from space 512K, 98% used [0x00000000d5980000,0x00000000d59fd908,0x00000000d5a00000)
  to   space 1536K, 0% used [0x00000000d5800000,0x00000000d5800000,0x00000000d5980000)
 ParOldGen       total 794112K, used 793965K [0x0000000080000000, 0x00000000b0780000, 0x00000000d5580000)
  object space 794112K, 99% used [0x0000000080000000,0x00000000b075b578,0x00000000b0780000)
 Metaspace       used 72558K, committed 74112K, reserved 1179648K
  class space    used 7627K, committed 8320K, reserved 1048576K
}
Event: 64.701 GC heap before
{Heap before GC invocations=1200 (full 3):
 PSYoungGen      total 3072K, used 3021K [0x00000000d5580000, 0x00000000d5b00000, 0x0000000100000000)
  eden space 2560K, 98% used [0x00000000d5580000,0x00000000d57f5b28,0x00000000d5800000)
  from space 512K, 98% used [0x00000000d5980000,0x00000000d59fd908,0x00000000d5a00000)
  to   space 1536K, 0% used [0x00000000d5800000,0x00000000d5800000,0x00000000d5980000)
 ParOldGen       total 794112K, used 793965K [0x0000000080000000, 0x00000000b0780000, 0x00000000d5580000)
  object space 794112K, 99% used [0x0000000080000000,0x00000000b075b578,0x00000000b0780000)
 Metaspace       used 72558K, committed 74112K, reserved 1179648K
  class space    used 7627K, committed 8320K, reserved 1048576K
}
Event: 64.703 GC heap after
{Heap after GC invocations=1200 (full 3):
 PSYoungGen      total 4096K, used 1520K [0x00000000d5580000, 0x00000000d5e80000, 0x0000000100000000)
  eden space 2560K, 0% used [0x00000000d5580000,0x00000000d5580000,0x00000000d5800000)
  from space 1536K, 98% used [0x00000000d5800000,0x00000000d597c1b0,0x00000000d5980000)
  to   space 3072K, 0% used [0x00000000d5b80000,0x00000000d5b80000,0x00000000d5e80000)
 ParOldGen       total 795136K, used 794966K [0x0000000080000000, 0x00000000b0880000, 0x00000000d5580000)
  object space 795136K, 99% used [0x0000000080000000,0x00000000b0855978,0x00000000b0880000)
 Metaspace       used 72558K, committed 74112K, reserved 1179648K
  class space    used 7627K, committed 8320K, reserved 1048576K
}
Event: 64.708 GC heap before
{Heap before GC invocations=1201 (full 3):
 PSYoungGen      total 4096K, used 4080K [0x00000000d5580000, 0x00000000d5e80000, 0x0000000100000000)
  eden space 2560K, 100% used [0x00000000d5580000,0x00000000d5800000,0x00000000d5800000)
  from space 1536K, 98% used [0x00000000d5800000,0x00000000d597c1b0,0x00000000d5980000)
  to   space 3072K, 0% used [0x00000000d5b80000,0x00000000d5b80000,0x00000000d5e80000)
 ParOldGen       total 795136K, used 794966K [0x0000000080000000, 0x00000000b0880000, 0x00000000d5580000)
  object space 795136K, 99% used [0x0000000080000000,0x00000000b0855978,0x00000000b0880000)
 Metaspace       used 72558K, committed 74112K, reserved 1179648K
  class space    used 7627K, committed 8320K, reserved 1048576K
}
Event: 64.710 GC heap after
{Heap after GC invocations=1201 (full 3):
 PSYoungGen      total 5632K, used 2291K [0x00000000d5580000, 0x00000000d5e00000, 0x0000000100000000)
  eden space 3072K, 0% used [0x00000000d5580000,0x00000000d5580000,0x00000000d5880000)
  from space 2560K, 89% used [0x00000000d5b80000,0x00000000d5dbcec8,0x00000000d5e00000)
  to   space 2560K, 0% used [0x00000000d5900000,0x00000000d5900000,0x00000000d5b80000)
 ParOldGen       total 796672K, used 796527K [0x0000000080000000, 0x00000000b0a00000, 0x00000000d5580000)
  object space 796672K, 99% used [0x0000000080000000,0x00000000b09dbf90,0x00000000b0a00000)
 Metaspace       used 72558K, committed 74112K, reserved 1179648K
  class space    used 7627K, committed 8320K, reserved 1048576K
}
Event: 64.726 GC heap before
{Heap before GC invocations=1202 (full 3):
 PSYoungGen      total 5632K, used 5363K [0x00000000d5580000, 0x00000000d5e00000, 0x0000000100000000)
  eden space 3072K, 100% used [0x00000000d5580000,0x00000000d5880000,0x00000000d5880000)
  from space 2560K, 89% used [0x00000000d5b80000,0x00000000d5dbcec8,0x00000000d5e00000)
  to   space 2560K, 0% used [0x00000000d5900000,0x00000000d5900000,0x00000000d5b80000)
 ParOldGen       total 796672K, used 796527K [0x0000000080000000, 0x00000000b0a00000, 0x00000000d5580000)
  object space 796672K, 99% used [0x0000000080000000,0x00000000b09dbf90,0x00000000b0a00000)
 Metaspace       used 72633K, committed 74176K, reserved 1179648K
  class space    used 7647K, committed 8320K, reserved 1048576K
}
Event: 64.729 GC heap after
{Heap after GC invocations=1202 (full 3):
 PSYoungGen      total 5120K, used 1853K [0x00000000d5580000, 0x00000000d5c80000, 0x0000000100000000)
  eden space 3072K, 0% used [0x00000000d5580000,0x00000000d5580000,0x00000000d5880000)
  from space 2048K, 90% used [0x00000000d5900000,0x00000000d5acf678,0x00000000d5b00000)
  to   space 1536K, 0% used [0x00000000d5b00000,0x00000000d5b00000,0x00000000d5c80000)
 ParOldGen       total 798720K, used 798581K [0x0000000080000000, 0x00000000b0c00000, 0x00000000d5580000)
  object space 798720K, 99% used [0x0000000080000000,0x00000000b0bdd5d0,0x00000000b0c00000)
 Metaspace       used 72633K, committed 74176K, reserved 1179648K
  class space    used 7647K, committed 8320K, reserved 1048576K
}
Event: 1216.338 GC heap before
{Heap before GC invocations=1203 (full 3):
 PSYoungGen      total 5120K, used 4925K [0x00000000d5580000, 0x00000000d5c80000, 0x0000000100000000)
  eden space 3072K, 99% used [0x00000000d5580000,0x00000000d587fff8,0x00000000d5880000)
  from space 2048K, 90% used [0x00000000d5900000,0x00000000d5acf678,0x00000000d5b00000)
  to   space 1536K, 0% used [0x00000000d5b00000,0x00000000d5b00000,0x00000000d5c80000)
 ParOldGen       total 798720K, used 798581K [0x0000000080000000, 0x00000000b0c00000, 0x00000000d5580000)
  object space 798720K, 99% used [0x0000000080000000,0x00000000b0bdd5d0,0x00000000b0c00000)
 Metaspace       used 72698K, committed 74240K, reserved 1179648K
  class space    used 7651K, committed 8320K, reserved 1048576K
}
Event: 1216.400 GC heap after
{Heap after GC invocations=1203 (full 3):
 PSYoungGen      total 3584K, used 480K [0x00000000d5580000, 0x00000000d5b80000, 0x0000000100000000)
  eden space 3072K, 0% used [0x00000000d5580000,0x00000000d5580000,0x00000000d5880000)
  from space 512K, 93% used [0x00000000d5b00000,0x00000000d5b78000,0x00000000d5b80000)
  to   space 1024K, 0% used [0x00000000d5980000,0x00000000d5980000,0x00000000d5a80000)
 ParOldGen       total 799744K, used 799413K [0x0000000080000000, 0x00000000b0d00000, 0x00000000d5580000)
  object space 799744K, 99% used [0x0000000080000000,0x00000000b0cad5e0,0x00000000b0d00000)
 Metaspace       used 72698K, committed 74240K, reserved 1179648K
  class space    used 7651K, committed 8320K, reserved 1048576K
}
Event: 33503.556 GC heap before
{Heap before GC invocations=1204 (full 3):
 PSYoungGen      total 3584K, used 3552K [0x00000000d5580000, 0x00000000d5b80000, 0x0000000100000000)
  eden space 3072K, 100% used [0x00000000d5580000,0x00000000d5880000,0x00000000d5880000)
  from space 512K, 93% used [0x00000000d5b00000,0x00000000d5b78000,0x00000000d5b80000)
  to   space 1024K, 0% used [0x00000000d5980000,0x00000000d5980000,0x00000000d5a80000)
 ParOldGen       total 799744K, used 799413K [0x0000000080000000, 0x00000000b0d00000, 0x00000000d5580000)
  object space 799744K, 99% used [0x0000000080000000,0x00000000b0cad5e0,0x00000000b0d00000)
 Metaspace       used 72953K, committed 74496K, reserved 1179648K
  class space    used 7674K, committed 8384K, reserved 1048576K
}
Event: 33503.705 GC heap after
{Heap after GC invocations=1204 (full 3):
 PSYoungGen      total 4096K, used 448K [0x00000000d5580000, 0x00000000d5b80000, 0x0000000100000000)
  eden space 3072K, 0% used [0x00000000d5580000,0x00000000d5580000,0x00000000d5880000)
  from space 1024K, 43% used [0x00000000d5980000,0x00000000d59f0000,0x00000000d5a80000)
  to   space 1024K, 0% used [0x00000000d5a80000,0x00000000d5a80000,0x00000000d5b80000)
 ParOldGen       total 799744K, used 799605K [0x0000000080000000, 0x00000000b0d00000, 0x00000000d5580000)
  object space 799744K, 99% used [0x0000000080000000,0x00000000b0cdd5e0,0x00000000b0d00000)
 Metaspace       used 72953K, committed 74496K, reserved 1179648K
  class space    used 7674K, committed 8384K, reserved 1048576K
}
Event: 33504.776 GC heap before
{Heap before GC invocations=1205 (full 3):
 PSYoungGen      total 4096K, used 3519K [0x00000000d5580000, 0x00000000d5b80000, 0x0000000100000000)
  eden space 3072K, 99% used [0x00000000d5580000,0x00000000d587ffb8,0x00000000d5880000)
  from space 1024K, 43% used [0x00000000d5980000,0x00000000d59f0000,0x00000000d5a80000)
  to   space 1024K, 0% used [0x00000000d5a80000,0x00000000d5a80000,0x00000000d5b80000)
 ParOldGen       total 799744K, used 799605K [0x0000000080000000, 0x00000000b0d00000, 0x00000000d5580000)
  object space 799744K, 99% used [0x0000000080000000,0x00000000b0cdd5e0,0x00000000b0d00000)
 Metaspace       used 73130K, committed 74688K, reserved 1179648K
  class space    used 7697K, committed 8384K, reserved 1048576K
}
Event: 33504.782 GC heap after
{Heap after GC invocations=1205 (full 3):
 PSYoungGen      total 3584K, used 464K [0x00000000d5580000, 0x00000000d5b00000, 0x0000000100000000)
  eden space 3072K, 0% used [0x00000000d5580000,0x00000000d5580000,0x00000000d5880000)
  from space 512K, 90% used [0x00000000d5a80000,0x00000000d5af4030,0x00000000d5b00000)
  to   space 512K, 0% used [0x00000000d5a00000,0x00000000d5a00000,0x00000000d5a80000)
 ParOldGen       total 799744K, used 799693K [0x0000000080000000, 0x00000000b0d00000, 0x00000000d5580000)
  object space 799744K, 99% used [0x0000000080000000,0x00000000b0cf3790,0x00000000b0d00000)
 Metaspace       used 73130K, committed 74688K, reserved 1179648K
  class space    used 7697K, committed 8384K, reserved 1048576K
}
Event: 33505.045 GC heap before
{Heap before GC invocations=1206 (full 3):
 PSYoungGen      total 3584K, used 3536K [0x00000000d5580000, 0x00000000d5b00000, 0x0000000100000000)
  eden space 3072K, 100% used [0x00000000d5580000,0x00000000d5880000,0x00000000d5880000)
  from space 512K, 90% used [0x00000000d5a80000,0x00000000d5af4030,0x00000000d5b00000)
  to   space 512K, 0% used [0x00000000d5a00000,0x00000000d5a00000,0x00000000d5a80000)
 ParOldGen       total 831488K, used 830413K [0x0000000080000000, 0x00000000b2c00000, 0x00000000d5580000)
  object space 831488K, 99% used [0x0000000080000000,0x00000000b2af37c0,0x00000000b2c00000)
 Metaspace       used 73181K, committed 74688K, reserved 1179648K
  class space    used 7701K, committed 8384K, reserved 1048576K
}
Event: 33505.048 GC heap after
{Heap after GC invocations=1206 (full 3):
 PSYoungGen      total 3584K, used 352K [0x00000000d5580000, 0x00000000d5b00000, 0x0000000100000000)
  eden space 3072K, 0% used [0x00000000d5580000,0x00000000d5580000,0x00000000d5880000)
  from space 512K, 68% used [0x00000000d5a00000,0x00000000d5a58000,0x00000000d5a80000)
  to   space 512K, 0% used [0x00000000d5a80000,0x00000000d5a80000,0x00000000d5b00000)
 ParOldGen       total 831488K, used 830678K [0x0000000080000000, 0x00000000b2c00000, 0x00000000d5580000)
  object space 831488K, 99% used [0x0000000080000000,0x00000000b2b35800,0x00000000b2c00000)
 Metaspace       used 73181K, committed 74688K, reserved 1179648K
  class space    used 7701K, committed 8384K, reserved 1048576K
}
Event: 82331.465 GC heap before
{Heap before GC invocations=1207 (full 3):
 PSYoungGen      total 3584K, used 3424K [0x00000000d5580000, 0x00000000d5b00000, 0x0000000100000000)
  eden space 3072K, 100% used [0x00000000d5580000,0x00000000d5880000,0x00000000d5880000)
  from space 512K, 68% used [0x00000000d5a00000,0x00000000d5a58000,0x00000000d5a80000)
  to   space 512K, 0% used [0x00000000d5a80000,0x00000000d5a80000,0x00000000d5b00000)
 ParOldGen       total 831488K, used 830678K [0x0000000080000000, 0x00000000b2c00000, 0x00000000d5580000)
  object space 831488K, 99% used [0x0000000080000000,0x00000000b2b35800,0x00000000b2c00000)
 Metaspace       used 73219K, committed 74816K, reserved 1179648K
  class space    used 7701K, committed 8384K, reserved 1048576K
}
Event: 82331.602 GC heap after
{Heap after GC invocations=1207 (full 3):
 PSYoungGen      total 3584K, used 384K [0x00000000d5580000, 0x00000000d5b00000, 0x0000000100000000)
  eden space 3072K, 0% used [0x00000000d5580000,0x00000000d5580000,0x00000000d5880000)
  from space 512K, 75% used [0x00000000d5a80000,0x00000000d5ae0000,0x00000000d5b00000)
  to   space 512K, 0% used [0x00000000d5a00000,0x00000000d5a00000,0x00000000d5a80000)
 ParOldGen       total 831488K, used 830758K [0x0000000080000000, 0x00000000b2c00000, 0x00000000d5580000)
  object space 831488K, 99% used [0x0000000080000000,0x00000000b2b49800,0x00000000b2c00000)
 Metaspace       used 73219K, committed 74816K, reserved 1179648K
  class space    used 7701K, committed 8384K, reserved 1048576K
}

Dll operation events (14 events):
Event: 0.008 Loaded shared library c:\Users\dears\.vscode\extensions\redhat.java-1.50.0-win32-x64\jre\21.0.9-win32-x86_64\bin\java.dll
Event: 0.062 Loaded shared library c:\Users\dears\.vscode\extensions\redhat.java-1.50.0-win32-x64\jre\21.0.9-win32-x86_64\bin\zip.dll
Event: 0.081 Loaded shared library C:\Users\dears\.vscode\extensions\redhat.java-1.50.0-win32-x64\jre\21.0.9-win32-x86_64\bin\instrument.dll
Event: 0.085 Loaded shared library C:\Users\dears\.vscode\extensions\redhat.java-1.50.0-win32-x64\jre\21.0.9-win32-x86_64\bin\net.dll
Event: 0.087 Loaded shared library C:\Users\dears\.vscode\extensions\redhat.java-1.50.0-win32-x64\jre\21.0.9-win32-x86_64\bin\nio.dll
Event: 0.090 Loaded shared library C:\Users\dears\.vscode\extensions\redhat.java-1.50.0-win32-x64\jre\21.0.9-win32-x86_64\bin\zip.dll
Event: 0.109 Loaded shared library C:\Users\dears\.vscode\extensions\redhat.java-1.50.0-win32-x64\jre\21.0.9-win32-x86_64\bin\jimage.dll
Event: 0.210 Loaded shared library c:\Users\dears\.vscode\extensions\redhat.java-1.50.0-win32-x64\jre\21.0.9-win32-x86_64\bin\verify.dll
Event: 1.202 Loaded shared library C:\Users\dears\AppData\Roaming\Code\User\globalStorage\redhat.java\1.50.0\config_win\org.eclipse.equinox.launcher\org.eclipse.equinox.launcher.win32.win32.x86_64_1.2.1400.v20250801-0854\eclipse_11916.dll
Event: 1.984 Loaded shared library C:\Users\dears\.vscode\extensions\redhat.java-1.50.0-win32-x64\jre\21.0.9-win32-x86_64\bin\management.dll
Event: 1.985 Loaded shared library C:\Users\dears\.vscode\extensions\redhat.java-1.50.0-win32-x64\jre\21.0.9-win32-x86_64\bin\management_ext.dll
Event: 3.092 Loaded shared library C:\Users\dears\AppData\Local\Temp\jna-95457857\jna2405164622327387663.dll
Event: 3.210 Loaded shared library C:\Users\dears\.vscode\extensions\redhat.java-1.50.0-win32-x64\jre\21.0.9-win32-x86_64\bin\sunmscapi.dll
Event: 3.508 Loaded shared library C:\Users\dears\.vscode\extensions\redhat.java-1.50.0-win32-x64\jre\21.0.9-win32-x86_64\bin\extnet.dll

Deoptimization events (20 events):
Event: 39551.747 Thread 0x0000022df9fe3050 DEOPT PACKING pc=0x0000022d889f07c0 sp=0x000000c5698ff270
Event: 39551.749 Thread 0x0000022df9fe3050 DEOPT UNPACKING pc=0x0000022d874a3aa2 sp=0x000000c5698ff1e0 mode 2
Event: 121803.622 Thread 0x0000022ddcd14a30 DEOPT PACKING pc=0x0000022d80cb7c4d sp=0x000000c567efed30
Event: 121803.626 Thread 0x0000022ddcd14a30 DEOPT UNPACKING pc=0x0000022d874a4242 sp=0x000000c567efe190 mode 0
Event: 122703.635 Thread 0x0000022ddcd13680 Uncommon trap: trap_request=0xffffffbe fr.pc=0x0000022d889f9434 relative=0x0000000000000294
Event: 122703.635 Thread 0x0000022ddcd13680 Uncommon trap: reason=profile_predicate action=maybe_recompile pc=0x0000022d889f9434 method=sun.security.provider.HashDrbg.addBytes([BI[[B)V @ 36 c2
Event: 122703.636 Thread 0x0000022ddcd13680 DEOPT PACKING pc=0x0000022d889f9434 sp=0x000000c567cfede0
Event: 122703.638 Thread 0x0000022ddcd13680 DEOPT UNPACKING pc=0x0000022d874a3aa2 sp=0x000000c567cfed30 mode 2
Event: 122703.638 Thread 0x0000022ddcd13680 Uncommon trap: trap_request=0xffffffbe fr.pc=0x0000022d889f9434 relative=0x0000000000000294
Event: 122703.638 Thread 0x0000022ddcd13680 Uncommon trap: reason=profile_predicate action=maybe_recompile pc=0x0000022d889f9434 method=sun.security.provider.HashDrbg.addBytes([BI[[B)V @ 36 c2
Event: 122703.638 Thread 0x0000022ddcd13680 DEOPT PACKING pc=0x0000022d889f9434 sp=0x000000c567cff070
Event: 122703.641 Thread 0x0000022ddcd13680 DEOPT UNPACKING pc=0x0000022d874a3aa2 sp=0x000000c567cfefc0 mode 2
Event: 123603.647 Thread 0x0000022ddcd13680 Uncommon trap: trap_request=0xffffffbe fr.pc=0x0000022d889f9434 relative=0x0000000000000294
Event: 123603.647 Thread 0x0000022ddcd13680 Uncommon trap: reason=profile_predicate action=maybe_recompile pc=0x0000022d889f9434 method=sun.security.provider.HashDrbg.addBytes([BI[[B)V @ 36 c2
Event: 123603.647 Thread 0x0000022ddcd13680 DEOPT PACKING pc=0x0000022d889f9434 sp=0x000000c567cfede0
Event: 123603.650 Thread 0x0000022ddcd13680 DEOPT UNPACKING pc=0x0000022d874a3aa2 sp=0x000000c567cfed30 mode 2
Event: 123603.650 Thread 0x0000022ddcd13680 Uncommon trap: trap_request=0xffffffbe fr.pc=0x0000022d889f9434 relative=0x0000000000000294
Event: 123603.650 Thread 0x0000022ddcd13680 Uncommon trap: reason=profile_predicate action=maybe_recompile pc=0x0000022d889f9434 method=sun.security.provider.HashDrbg.addBytes([BI[[B)V @ 36 c2
Event: 123603.650 Thread 0x0000022ddcd13680 DEOPT PACKING pc=0x0000022d889f9434 sp=0x000000c567cff070
Event: 123603.650 Thread 0x0000022ddcd13680 DEOPT UNPACKING pc=0x0000022d874a3aa2 sp=0x000000c567cfefc0 mode 2

Classes loaded (20 events):
Event: 28.806 Loading class java/util/concurrent/CompletableFuture$UniCompletion done
Event: 28.806 Loading class java/util/concurrent/CompletableFuture$UniApply done
Event: 28.809 Loading class java/util/concurrent/CompletableFuture$UniAccept
Event: 28.809 Loading class java/util/concurrent/CompletableFuture$UniAccept done
Event: 28.809 Loading class java/util/concurrent/CompletableFuture$UniExceptionally
Event: 28.809 Loading class java/util/concurrent/CompletableFuture$UniExceptionally done
Event: 33503.458 Loading class java/io/SequenceInputStream
Event: 33503.460 Loading class java/io/SequenceInputStream done
Event: 33503.745 Loading class org/xml/sax/SAXNotRecognizedException
Event: 33503.748 Loading class org/xml/sax/SAXNotRecognizedException done
Event: 33503.749 Loading class org/xml/sax/SAXNotSupportedException
Event: 33503.751 Loading class org/xml/sax/SAXNotSupportedException done
Event: 33503.813 Loading class com/sun/org/apache/xerces/internal/util/URI
Event: 33503.857 Loading class com/sun/org/apache/xerces/internal/util/URI done
Event: 33503.879 Loading class com/sun/org/apache/xerces/internal/xni/XNIException
Event: 33503.881 Loading class com/sun/org/apache/xerces/internal/xni/XNIException done
Event: 33504.039 Loading class com/sun/org/apache/xerces/internal/xni/parser/XMLParseException
Event: 33504.042 Loading class com/sun/org/apache/xerces/internal/xni/parser/XMLParseException done
Event: 33504.957 Loading class java/nio/BufferMismatch
Event: 33504.960 Loading class java/nio/BufferMismatch done

Classes unloaded (8 events):
Event: 2.458 Thread 0x0000022df9ec3f60 Unloading class 0x0000022d941a8c00 'java/lang/invoke/LambdaForm$MH+0x0000022d941a8c00'
Event: 2.458 Thread 0x0000022df9ec3f60 Unloading class 0x0000022d941a8800 'java/lang/invoke/LambdaForm$MH+0x0000022d941a8800'
Event: 2.458 Thread 0x0000022df9ec3f60 Unloading class 0x0000022d941a8400 'java/lang/invoke/LambdaForm$MH+0x0000022d941a8400'
Event: 2.458 Thread 0x0000022df9ec3f60 Unloading class 0x0000022d941a8000 'java/lang/invoke/LambdaForm$MH+0x0000022d941a8000'
Event: 2.458 Thread 0x0000022df9ec3f60 Unloading class 0x0000022d941a7c00 'java/lang/invoke/LambdaForm$BMH+0x0000022d941a7c00'
Event: 2.458 Thread 0x0000022df9ec3f60 Unloading class 0x0000022d941a7800 'java/lang/invoke/LambdaForm$DMH+0x0000022d941a7800'
Event: 2.458 Thread 0x0000022df9ec3f60 Unloading class 0x0000022d941a6400 'java/lang/invoke/LambdaForm$DMH+0x0000022d941a6400'
Event: 11.831 Thread 0x0000022df9ec3f60 Unloading class 0x0000022d94634400 'java/lang/invoke/LambdaForm$DMH+0x0000022d94634400'

Classes redefined (0 events):
No events

Internal exceptions (20 events):
Event: 28.779 Thread 0x0000022dd9279700 Exception <a 'java/lang/NullPointerException'{0x00000000d568f470}> (0x00000000d568f470) 
thrown [s\src\hotspot\share\interpreter\linkResolver.cpp, line 1372]
Event: 28.779 Thread 0x0000022dd9279700 Exception <a 'java/lang/NullPointerException'{0x00000000d5696728}> (0x00000000d5696728) 
thrown [s\src\hotspot\share\interpreter\linkResolver.cpp, line 1372]
Event: 28.780 Thread 0x0000022dd9279700 Exception <a 'java/lang/NullPointerException'{0x00000000d56991a8}> (0x00000000d56991a8) 
thrown [s\src\hotspot\share\interpreter\linkResolver.cpp, line 1372]
Event: 28.795 Thread 0x0000022dd9279700 Exception <a 'sun/nio/fs/WindowsException'{0x00000000d56c9750}> (0x00000000d56c9750) 
thrown [s\src\hotspot\share\prims\jni.cpp, line 520]
Event: 28.900 Thread 0x0000022ddc86d140 Exception <a 'sun/nio/fs/WindowsException'{0x00000000d576e810}> (0x00000000d576e810) 
thrown [s\src\hotspot\share\prims\jni.cpp, line 520]
Event: 28.900 Thread 0x0000022ddc86d140 Exception <a 'sun/nio/fs/WindowsException'{0x00000000d576f300}> (0x00000000d576f300) 
thrown [s\src\hotspot\share\prims\jni.cpp, line 520]
Event: 28.900 Thread 0x0000022ddc86d140 Exception <a 'sun/nio/fs/WindowsException'{0x00000000d5770298}> (0x00000000d5770298) 
thrown [s\src\hotspot\share\prims\jni.cpp, line 520]
Event: 28.900 Thread 0x0000022ddc86d140 Exception <a 'sun/nio/fs/WindowsException'{0x00000000d5770d58}> (0x00000000d5770d58) 
thrown [s\src\hotspot\share\prims\jni.cpp, line 520]
Event: 28.900 Thread 0x0000022ddc86d140 Exception <a 'sun/nio/fs/WindowsException'{0x00000000d5775cc8}> (0x00000000d5775cc8) 
thrown [s\src\hotspot\share\prims\jni.cpp, line 520]
Event: 28.900 Thread 0x0000022ddc86d140 Exception <a 'sun/nio/fs/WindowsException'{0x00000000d57767a8}> (0x00000000d57767a8) 
thrown [s\src\hotspot\share\prims\jni.cpp, line 520]
Event: 28.906 Thread 0x0000022ddc86d140 Exception <a 'sun/nio/fs/WindowsException'{0x00000000d55bc878}> (0x00000000d55bc878) 
thrown [s\src\hotspot\share\prims\jni.cpp, line 520]
Event: 28.906 Thread 0x0000022ddc86d140 Exception <a 'sun/nio/fs/WindowsException'{0x00000000d55bd0e8}> (0x00000000d55bd0e8) 
thrown [s\src\hotspot\share\prims\jni.cpp, line 520]
Event: 28.948 Thread 0x0000022ddc86cab0 Exception <a 'java/lang/NoSuchMethodError'{0x00000000d5720af8}: 'java.lang.Object java.lang.invoke.DirectMethodHandle$Holder.invokeStaticInit(java.lang.Object, java.lang.Object, java.lang.Object)'> (0x00000000d5720af8) 
thrown [s\src\hotspot\share\interpreter\linkResolver.cpp, line 773]
Event: 64.687 Thread 0x0000022ddc86cab0 Exception <a 'java/lang/IncompatibleClassChangeError'{0x00000000d5797370}: Found class java.lang.Object, but interface was expected> (0x00000000d5797370) 
thrown [s\src\hotspot\share\interpreter\linkResolver.cpp, line 840]
Event: 64.733 Thread 0x0000022ddc86cab0 Implicit null exception at 0x0000022d8863af83 to 0x0000022d8863c908
Event: 313.672 Thread 0x0000022ddcd13d10 Exception <a 'sun/nio/fs/WindowsException'{0x00000000d5757178}> (0x00000000d5757178) 
thrown [s\src\hotspot\share\prims\jni.cpp, line 520]
Event: 313.672 Thread 0x0000022ddcd13d10 Exception <a 'sun/nio/fs/WindowsException'{0x00000000d5757a08}> (0x00000000d5757a08) 
thrown [s\src\hotspot\share\prims\jni.cpp, line 520]
Event: 33504.759 Thread 0x0000022ddcd13d10 Exception <a 'java/lang/NoSuchMethodError'{0x00000000d585ccf8}: 'int java.lang.invoke.DirectMethodHandle$Holder.invokeStatic(java.lang.Object, java.lang.Object, java.lang.Object, java.lang.Object, java.lang.Object, java.lang.Object)'> (0x00000000d585ccf8) 
thrown [s\src\hotspot\share\interpreter\linkResolver.cpp, line 773]
Event: 33804.217 Thread 0x0000022ddcd12ff0 Exception <a 'sun/nio/fs/WindowsException'{0x00000000d55e1cb8}> (0x00000000d55e1cb8) 
thrown [s\src\hotspot\share\prims\jni.cpp, line 520]
Event: 33804.218 Thread 0x0000022ddcd12ff0 Exception <a 'sun/nio/fs/WindowsException'{0x00000000d55e27b8}> (0x00000000d55e27b8) 
thrown [s\src\hotspot\share\prims\jni.cpp, line 520]

ZGC Phase Switch (0 events):
No events

VM Operations (20 events):
Event: 146131.977 Executing VM operation: HandshakeAllThreads (HandshakeForDeflation)
Event: 146131.977 Executing VM operation: HandshakeAllThreads (HandshakeForDeflation) done
Event: 146131.977 Executing VM operation: RendezvousGCThreads
Event: 146131.977 Executing VM operation: RendezvousGCThreads done
Event: 147936.323 Executing VM operation: HandshakeAllThreads (HandshakeForDeflation)
Event: 147936.323 Executing VM operation: HandshakeAllThreads (HandshakeForDeflation) done
Event: 147936.324 Executing VM operation: RendezvousGCThreads
Event: 147936.324 Executing VM operation: RendezvousGCThreads done
Event: 148056.578 Executing VM operation: HandshakeAllThreads (HandshakeForDeflation)
Event: 148056.578 Executing VM operation: HandshakeAllThreads (HandshakeForDeflation) done
Event: 148056.580 Executing VM operation: RendezvousGCThreads
Event: 148056.580 Executing VM operation: RendezvousGCThreads done
Event: 150643.494 Executing VM operation: HandshakeAllThreads (HandshakeForDeflation)
Event: 150643.494 Executing VM operation: HandshakeAllThreads (HandshakeForDeflation) done
Event: 150643.494 Executing VM operation: RendezvousGCThreads
Event: 150643.494 Executing VM operation: RendezvousGCThreads done
Event: 151606.155 Executing VM operation: HandshakeAllThreads (HandshakeForDeflation)
Event: 151606.155 Executing VM operation: HandshakeAllThreads (HandshakeForDeflation) done
Event: 151606.156 Executing VM operation: RendezvousGCThreads
Event: 151606.156 Executing VM operation: RendezvousGCThreads done

Memory protections (0 events):
No events

Nmethod flushes (20 events):
Event: 11.845 Thread 0x0000022df9ec3f60 flushing  nmethod 0x0000022d808e4090
Event: 11.845 Thread 0x0000022df9ec3f60 flushing  nmethod 0x0000022d808ff290
Event: 11.845 Thread 0x0000022df9ec3f60 flushing  nmethod 0x0000022d80905e10
Event: 11.845 Thread 0x0000022df9ec3f60 flushing  nmethod 0x0000022d80914b90
Event: 11.845 Thread 0x0000022df9ec3f60 flushing  nmethod 0x0000022d80928990
Event: 11.845 Thread 0x0000022df9ec3f60 flushing  nmethod 0x0000022d80944590
Event: 11.845 Thread 0x0000022df9ec3f60 flushing  nmethod 0x0000022d8094ee10
Event: 11.845 Thread 0x0000022df9ec3f60 flushing  nmethod 0x0000022d80952a10
Event: 11.845 Thread 0x0000022df9ec3f60 flushing  nmethod 0x0000022d80971990
Event: 11.845 Thread 0x0000022df9ec3f60 flushing  nmethod 0x0000022d8098f290
Event: 11.845 Thread 0x0000022df9ec3f60 flushing  nmethod 0x0000022d80992610
Event: 11.845 Thread 0x0000022df9ec3f60 flushing  nmethod 0x0000022d80993b90
Event: 11.845 Thread 0x0000022df9ec3f60 flushing  nmethod 0x0000022d80998b90
Event: 11.845 Thread 0x0000022df9ec3f60 flushing  nmethod 0x0000022d809a6d90
Event: 11.845 Thread 0x0000022df9ec3f60 flushing  nmethod 0x0000022d809df910
Event: 11.845 Thread 0x0000022df9ec3f60 flushing  nmethod 0x0000022d809dfe10
Event: 11.845 Thread 0x0000022df9ec3f60 flushing  nmethod 0x0000022d809e0210
Event: 11.845 Thread 0x0000022df9ec3f60 flushing  nmethod 0x0000022d809e2d90
Event: 11.845 Thread 0x0000022df9ec3f60 flushing  nmethod 0x0000022d809e4f10
Event: 11.845 Thread 0x0000022df9ec3f60 flushing  nmethod 0x0000022d809e5b90

Events (20 events):
Event: 33804.410 Thread 0x0000022dfeccdf50 Thread added: 0x0000022dea6a8c60
Event: 33809.443 Thread 0x0000022dea6a8c60 Thread exited: 0x0000022dea6a8c60
Event: 34502.529 Thread 0x0000022ddcd13d10 Thread added: 0x0000022ddcd115b0
Event: 34502.530 Thread 0x0000022ddcd12ff0 Thread exited: 0x0000022ddcd12ff0
Event: 65102.901 Thread 0x0000022ddcd13d10 Thread added: 0x0000022ddcd143a0
Event: 65162.907 Thread 0x0000022ddcd115b0 Thread exited: 0x0000022ddcd115b0
Event: 93003.264 Thread 0x0000022ddcd143a0 Thread added: 0x0000022ddcd115b0
Event: 93003.280 Thread 0x0000022ddcd13d10 Thread exited: 0x0000022ddcd13d10
Event: 116403.560 Thread 0x0000022ddcd143a0 Thread added: 0x0000022ddcd150c0
Event: 116403.560 Thread 0x0000022ddcd115b0 Thread exited: 0x0000022ddcd115b0
Event: 120903.603 Thread 0x0000022ddcd150c0 Thread added: 0x0000022ddcd14a30
Event: 120903.605 Thread 0x0000022ddcd143a0 Thread exited: 0x0000022ddcd143a0
Event: 121803.630 Thread 0x0000022ddcd14a30 Thread added: 0x0000022ddcd13680
Event: 121803.631 Thread 0x0000022ddcd150c0 Thread exited: 0x0000022ddcd150c0
Event: 129903.771 Thread 0x0000022ddcd13680 Thread added: 0x0000022ddcd143a0
Event: 129903.773 Thread 0x0000022ddcd14a30 Thread exited: 0x0000022ddcd14a30
Event: 143403.919 Thread 0x0000022ddcd13680 Thread added: 0x0000022ddcd122d0
Event: 143403.919 Thread 0x0000022ddcd143a0 Thread exited: 0x0000022ddcd143a0
Event: 150603.993 Thread 0x0000022ddcd13680 Thread added: 0x0000022ddcd11c40
Event: 150603.994 Thread 0x0000022ddcd122d0 Thread exited: 0x0000022ddcd122d0


Dynamic libraries:
0x00007ff77af10000 - 0x00007ff77af1e000 	c:\Users\dears\.vscode\extensions\redhat.java-1.50.0-win32-x64\jre\21.0.9-win32-x86_64\bin\java.exe
0x00007ffd977c0000 - 0x00007ffd97a27000 	C:\WINDOWS\SYSTEM32\ntdll.dll
0x00007ffd95f30000 - 0x00007ffd95ff9000 	C:\WINDOWS\System32\KERNEL32.DLL
0x00007ffd94910000 - 0x00007ffd94cff000 	C:\WINDOWS\System32\KERNELBASE.dll
0x00007ffd95230000 - 0x00007ffd9537b000 	C:\WINDOWS\System32\ucrtbase.dll
0x00007ffd736c0000 - 0x00007ffd736d8000 	c:\Users\dears\.vscode\extensions\redhat.java-1.50.0-win32-x64\jre\21.0.9-win32-x86_64\bin\jli.dll
0x00007ffd6f630000 - 0x00007ffd6f64e000 	c:\Users\dears\.vscode\extensions\redhat.java-1.50.0-win32-x64\jre\21.0.9-win32-x86_64\bin\VCRUNTIME140.dll
0x00007ffd96760000 - 0x00007ffd96925000 	C:\WINDOWS\System32\USER32.dll
0x00007ffd6dde0000 - 0x00007ffd6e073000 	C:\WINDOWS\WinSxS\amd64_microsoft.windows.common-controls_6595b64144ccf1df_6.0.26100.7309_none_3e05feeae336a044\COMCTL32.dll
0x00007ffd95140000 - 0x00007ffd95167000 	C:\WINDOWS\System32\win32u.dll
0x00007ffd96eb0000 - 0x00007ffd96edb000 	C:\WINDOWS\System32\GDI32.dll
0x00007ffd97610000 - 0x00007ffd976b9000 	C:\WINDOWS\System32\msvcrt.dll
0x00007ffd95430000 - 0x00007ffd9555c000 	C:\WINDOWS\System32\gdi32full.dll
0x00007ffd95380000 - 0x00007ffd95423000 	C:\WINDOWS\System32\msvcp_win.dll
0x00007ffd95cc0000 - 0x00007ffd95cf1000 	C:\WINDOWS\System32\IMM32.DLL
0x00007ffd8c9b0000 - 0x00007ffd8c9bc000 	c:\Users\dears\.vscode\extensions\redhat.java-1.50.0-win32-x64\jre\21.0.9-win32-x86_64\bin\vcruntime140_1.dll
0x00007ffd15200000 - 0x00007ffd1528d000 	c:\Users\dears\.vscode\extensions\redhat.java-1.50.0-win32-x64\jre\21.0.9-win32-x86_64\bin\msvcp140.dll
0x00007ffd102f0000 - 0x00007ffd11090000 	c:\Users\dears\.vscode\extensions\redhat.java-1.50.0-win32-x64\jre\21.0.9-win32-x86_64\bin\server\jvm.dll
0x00007ffd96090000 - 0x00007ffd96144000 	C:\WINDOWS\System32\ADVAPI32.dll
0x00007ffd976d0000 - 0x00007ffd97776000 	C:\WINDOWS\System32\sechost.dll
0x00007ffd96f70000 - 0x00007ffd97088000 	C:\WINDOWS\System32\RPCRT4.dll
0x00007ffd96ee0000 - 0x00007ffd96f54000 	C:\WINDOWS\System32\WS2_32.dll
0x00007ffd94770000 - 0x00007ffd947ce000 	C:\WINDOWS\SYSTEM32\POWRPROF.dll
0x00007ffd82350000 - 0x00007ffd8235b000 	C:\WINDOWS\SYSTEM32\VERSION.dll
0x00007ffd891a0000 - 0x00007ffd891d5000 	C:\WINDOWS\SYSTEM32\WINMM.dll
0x00007ffd94750000 - 0x00007ffd94764000 	C:\WINDOWS\SYSTEM32\UMPDC.dll
0x00007ffd936c0000 - 0x00007ffd936db000 	C:\WINDOWS\SYSTEM32\kernel.appcore.dll
0x00007ffd824e0000 - 0x00007ffd824ea000 	c:\Users\dears\.vscode\extensions\redhat.java-1.50.0-win32-x64\jre\21.0.9-win32-x86_64\bin\jimage.dll
0x00007ffd920a0000 - 0x00007ffd922e2000 	C:\WINDOWS\SYSTEM32\DBGHELP.DLL
0x00007ffd96170000 - 0x00007ffd964f5000 	C:\WINDOWS\System32\combase.dll
0x00007ffd96930000 - 0x00007ffd96a06000 	C:\WINDOWS\System32\OLEAUT32.dll
0x00007ffd6af50000 - 0x00007ffd6af8c000 	C:\WINDOWS\SYSTEM32\dbgcore.DLL
0x00007ffd95090000 - 0x00007ffd95135000 	C:\WINDOWS\System32\bcryptPrimitives.dll
0x00007ffd82480000 - 0x00007ffd8248f000 	c:\Users\dears\.vscode\extensions\redhat.java-1.50.0-win32-x64\jre\21.0.9-win32-x86_64\bin\instrument.dll
0x00007ffd5f8c0000 - 0x00007ffd5f8e0000 	c:\Users\dears\.vscode\extensions\redhat.java-1.50.0-win32-x64\jre\21.0.9-win32-x86_64\bin\java.dll
0x00007ffd95560000 - 0x00007ffd95cb3000 	C:\WINDOWS\System32\SHELL32.dll
0x00007ffd94f20000 - 0x00007ffd9508a000 	C:\WINDOWS\System32\wintypes.dll
0x00007ffd924e0000 - 0x00007ffd92d3e000 	C:\WINDOWS\SYSTEM32\windows.storage.dll
0x00007ffd96650000 - 0x00007ffd96745000 	C:\WINDOWS\System32\SHCORE.dll
0x00007ffd974c0000 - 0x00007ffd97526000 	C:\WINDOWS\System32\shlwapi.dll
0x00007ffd94830000 - 0x00007ffd94859000 	C:\WINDOWS\SYSTEM32\profapi.dll
0x00007ffd5f250000 - 0x00007ffd5f268000 	c:\Users\dears\.vscode\extensions\redhat.java-1.50.0-win32-x64\jre\21.0.9-win32-x86_64\bin\zip.dll
0x00007ffd80170000 - 0x00007ffd80180000 	C:\Users\dears\.vscode\extensions\redhat.java-1.50.0-win32-x64\jre\21.0.9-win32-x86_64\bin\net.dll
0x00007ffd88740000 - 0x00007ffd88868000 	C:\WINDOWS\SYSTEM32\WINHTTP.dll
0x00007ffd93c30000 - 0x00007ffd93c9b000 	C:\WINDOWS\system32\mswsock.dll
0x00007ffd5a9e0000 - 0x00007ffd5a9f6000 	C:\Users\dears\.vscode\extensions\redhat.java-1.50.0-win32-x64\jre\21.0.9-win32-x86_64\bin\nio.dll
0x00007ffd738e0000 - 0x00007ffd738f0000 	c:\Users\dears\.vscode\extensions\redhat.java-1.50.0-win32-x64\jre\21.0.9-win32-x86_64\bin\verify.dll
0x00007ffd4c100000 - 0x00007ffd4c144000 	C:\Users\dears\AppData\Roaming\Code\User\globalStorage\redhat.java\1.50.0\config_win\org.eclipse.equinox.launcher\org.eclipse.equinox.launcher.win32.win32.x86_64_1.2.1400.v20250801-0854\eclipse_11916.dll
0x00007ffd970c0000 - 0x00007ffd97257000 	C:\WINDOWS\System32\ole32.dll
0x00007ffd738d0000 - 0x00007ffd738da000 	C:\Users\dears\.vscode\extensions\redhat.java-1.50.0-win32-x64\jre\21.0.9-win32-x86_64\bin\management.dll
0x00007ffd73850000 - 0x00007ffd7385c000 	C:\Users\dears\.vscode\extensions\redhat.java-1.50.0-win32-x64\jre\21.0.9-win32-x86_64\bin\management_ext.dll
0x00007ffd96750000 - 0x00007ffd96758000 	C:\WINDOWS\System32\PSAPI.DLL
0x00007ffd93ef0000 - 0x00007ffd93f0b000 	C:\WINDOWS\SYSTEM32\CRYPTSP.dll
0x00007ffd93620000 - 0x00007ffd9365a000 	C:\WINDOWS\system32\rsaenh.dll
0x00007ffd93ce0000 - 0x00007ffd93d0b000 	C:\WINDOWS\SYSTEM32\USERENV.dll
0x00007ffd94800000 - 0x00007ffd9482a000 	C:\WINDOWS\SYSTEM32\bcrypt.dll
0x00007ffd93f10000 - 0x00007ffd93f1c000 	C:\WINDOWS\SYSTEM32\CRYPTBASE.dll
0x00007ffd93140000 - 0x00007ffd93174000 	C:\WINDOWS\SYSTEM32\IPHLPAPI.DLL
0x00007ffd96a10000 - 0x00007ffd96a1a000 	C:\WINDOWS\System32\NSI.dll
0x00007ffd450b0000 - 0x00007ffd450f9000 	C:\Users\dears\AppData\Local\Temp\jna-95457857\jna2405164622327387663.dll
0x00007ffd8b430000 - 0x00007ffd8b44e000 	C:\WINDOWS\SYSTEM32\dhcpcsvc6.DLL
0x00007ffd8b0b0000 - 0x00007ffd8b0d3000 	C:\WINDOWS\SYSTEM32\dhcpcsvc.DLL
0x00007ffd73720000 - 0x00007ffd7372e000 	C:\Users\dears\.vscode\extensions\redhat.java-1.50.0-win32-x64\jre\21.0.9-win32-x86_64\bin\sunmscapi.dll
0x00007ffd94d10000 - 0x00007ffd94e87000 	C:\WINDOWS\System32\CRYPT32.dll
0x00007ffd94110000 - 0x00007ffd94140000 	C:\WINDOWS\SYSTEM32\ncrypt.dll
0x00007ffd940c0000 - 0x00007ffd940ff000 	C:\WINDOWS\SYSTEM32\NTASN1.dll
0x00007ffd93180000 - 0x00007ffd932ac000 	C:\WINDOWS\SYSTEM32\DNSAPI.dll
0x00007ffd87f10000 - 0x00007ffd87f1b000 	C:\Windows\System32\rasadhlp.dll
0x00007ffd8b8e0000 - 0x00007ffd8b966000 	C:\WINDOWS\System32\fwpuclnt.dll
0x00007ffd73530000 - 0x00007ffd73539000 	C:\Users\dears\.vscode\extensions\redhat.java-1.50.0-win32-x64\jre\21.0.9-win32-x86_64\bin\extnet.dll
0x00007ffd937e0000 - 0x00007ffd93816000 	C:\WINDOWS\SYSTEM32\ntmarta.dll

JVMTI agents:
c:\Users\dears\.vscode\extensions\redhat.java-1.50.0-win32-x64\lombok\lombok-1.18.39-4050.jar path:c:\Users\dears\.vscode\extensions\redhat.java-1.50.0-win32-x64\jre\21.0.9-win32-x86_64\bin\instrument.dll, loaded, initialized, instrumentlib options:none

dbghelp: loaded successfully - version: 4.0.5 - missing functions: none
symbol engine: initialized successfully - sym options: 0x614 - pdb path: .;c:\Users\dears\.vscode\extensions\redhat.java-1.50.0-win32-x64\jre\21.0.9-win32-x86_64\bin;C:\WINDOWS\SYSTEM32;C:\WINDOWS\WinSxS\amd64_microsoft.windows.common-controls_6595b64144ccf1df_6.0.26100.7309_none_3e05feeae336a044;c:\Users\dears\.vscode\extensions\redhat.java-1.50.0-win32-x64\jre\21.0.9-win32-x86_64\bin\server;C:\Users\dears\AppData\Roaming\Code\User\globalStorage\redhat.java\1.50.0\config_win\org.eclipse.equinox.launcher\org.eclipse.equinox.launcher.win32.win32.x86_64_1.2.1400.v20250801-0854;C:\Users\dears\AppData\Local\Temp\jna-95457857

VM Arguments:
jvm_args: --add-modules=ALL-SYSTEM --add-opens=java.base/java.util=ALL-UNNAMED --add-opens=java.base/java.lang=ALL-UNNAMED --add-opens=java.base/sun.nio.fs=ALL-UNNAMED -Declipse.application=org.eclipse.jdt.ls.core.id1 -Dosgi.bundles.defaultStartLevel=4 -Declipse.product=org.eclipse.jdt.ls.core.product -Djava.import.generatesMetadataFilesAtProjectRoot=false -DDetectVMInstallationsJob.disabled=true -Dfile.encoding=utf8 -XX:+UseParallelGC -XX:GCTimeRatio=4 -XX:AdaptiveSizePolicyWeight=90 -Dsun.zip.disableMemoryMapping=true -Xmx2G -Xms100m -Xlog:disable -javaagent:c:\Users\dears\.vscode\extensions\redhat.java-1.50.0-win32-x64\lombok\lombok-1.18.39-4050.jar -XX:+HeapDumpOnOutOfMemoryError -XX:HeapDumpPath=c:\Users\dears\AppData\Roaming\Code\User\workspaceStorage\d3d7117cd461c3c55b8a97cf9eed5ad9\redhat.java -Daether.dependencyCollector.impl=bf 
java_command: c:\Users\dears\.vscode\extensions\redhat.java-1.50.0-win32-x64\server\plugins\org.eclipse.equinox.launcher_1.7.100.v20251111-0406.jar -configuration c:\Users\dears\AppData\Roaming\Code\User\globalStorage\redhat.java\1.50.0\config_win -data c:\Users\dears\AppData\Roaming\Code\User\workspaceStorage\d3d7117cd461c3c55b8a97cf9eed5ad9\redhat.java\jdt_ws --pipe=\\.\pipe\lsp-5d1bbe0134ef4c5b0e5ba40c829bae19-sock
java_class_path (initial): c:\Users\dears\.vscode\extensions\redhat.java-1.50.0-win32-x64\server\plugins\org.eclipse.equinox.launcher_1.7.100.v20251111-0406.jar
Launcher Type: SUN_STANDARD

[Global flags]
    uintx AdaptiveSizePolicyWeight                 = 90                                        {product} {command line}
     intx CICompilerCount                          = 12                                        {product} {ergonomic}
    uintx GCTimeRatio                              = 4                                         {product} {command line}
     bool HeapDumpOnOutOfMemoryError               = true                                   {manageable} {command line}
    ccstr HeapDumpPath                             = c:\Users\dears\AppData\Roaming\Code\User\workspaceStorage\d3d7117cd461c3c55b8a97cf9eed5ad9\redhat.java         {manageable} {command line}
   size_t InitialHeapSize                          = 104857600                                 {product} {command line}
   size_t MaxHeapSize                              = 2147483648                                {product} {command line}
   size_t MaxNewSize                               = 715653120                                 {product} {ergonomic}
   size_t MinHeapDeltaBytes                        = 524288                                    {product} {ergonomic}
   size_t MinHeapSize                              = 104857600                                 {product} {command line}
   size_t NewSize                                  = 34603008                                  {product} {ergonomic}
    uintx NonNMethodCodeHeapSize                   = 7602480                                {pd product} {ergonomic}
    uintx NonProfiledCodeHeapSize                  = 122027880                              {pd product} {ergonomic}
   size_t OldSize                                  = 70254592                                  {product} {ergonomic}
    uintx ProfiledCodeHeapSize                     = 122027880                              {pd product} {ergonomic}
    uintx ReservedCodeCacheSize                    = 251658240                              {pd product} {ergonomic}
     bool SegmentedCodeCache                       = true                                      {product} {ergonomic}
   size_t SoftMaxHeapSize                          = 2147483648                             {manageable} {ergonomic}
     bool UseCompressedOops                        = true                           {product lp64_product} {ergonomic}
     bool UseLargePagesIndividualAllocation        = false                                  {pd product} {ergonomic}
     bool UseParallelGC                            = true                                      {product} {command line}

Logging:
Log output configuration:
 #0: stdout all=off uptime,level,tags foldmultilines=false
 #1: stderr all=off uptime,level,tags foldmultilines=false

Release file:
JAVA_VERSION="21.0.9" 
MODULES="java.base java.compiler java.datatransfer java.xml java.prefs java.desktop java.instrument java.logging java.management java.security.sasl java.naming java.rmi java.management.rmi java.net.http java.scripting java.security.jgss java.transaction.xa java.sql java.sql.rowset java.xml.crypto java.se java.smartcardio jdk.accessibility jdk.internal.jvmstat jdk.attach jdk.charsets jdk.internal.opt jdk.zipfs jdk.compiler jdk.crypto.ec jdk.crypto.cryptoki jdk.crypto.mscapi jdk.dynalink jdk.internal.ed jdk.editpad jdk.hotspot.agent jdk.httpserver jdk.internal.le jdk.internal.vm.ci jdk.internal.vm.compiler jdk.internal.vm.compiler.management jdk.jartool jdk.javadoc jdk.jcmd jdk.management jdk.management.agent jdk.jconsole jdk.jdeps jdk.jdwp.agent jdk.jdi jdk.jfr jdk.jshell jdk.jsobject jdk.jstatd jdk.localedata jdk.management.jfr jdk.naming.dns jdk.naming.rmi jdk.net jdk.nio.mapmode jdk.random jdk.sctp jdk.security.auth jdk.security.jgss jdk.unsupported jdk.unsupported.desktop jdk.xml.dom" 

Environment Variables:
JAVA_HOME=D:\BACKUP\SOFTWARE\JDK-17\
PATH=D:\BACKUP\SOFTWARE\JDK-17\bin;C:\Python312\Scripts\;C:\Python312\;C:\Program Files\Common Files\Oracle\Java\javapath;C:\Program Files (x86)\Common Files\Oracle\Java\java8path;C:\Program Files (x86)\Common Files\Oracle\Java\javapath;C:\windows\system32;C:\windows;C:\windows\System32\Wbem;C:\windows\System32\WindowsPowerShell\v1.0\;C:\windows\System32\OpenSSH\;C:\Program Files\PuTTY\;C:\Program Files\dotnet\;C:\Program Files\WireGuard\;C:\Program Files (x86)\Microsoft SQL Server\160\Tools\Binn\;C:\Program Files\Microsoft SQL Server\160\Tools\Binn\;C:\Program Files\Microsoft SQL Server\Client SDK\ODBC\170\Tools\Binn\;C:\Program Files\Microsoft SQL Server\160\DTS\Binn\;C:\Program Files (x86)\Microsoft SQL Server\160\DTS\Binn\;C:\Program Files\Azure Data Studio\bin;C:\Program Files\MySQL\MySQL Server 8.0\bin;C:\Program Files\Git\cmd;D:\BACKUP\SOFTWARE\apache-maven-3.9.4\bin;C:\ProgramData\chocolatey\bin;C:\Program Files\HP\HP One Agent;C:\WINDOWS\system32;C:\WINDOWS;C:\WINDOWS\System32\Wbem;C:\WINDOWS\System32\WindowsPowerShell\v1.0\;C:\WINDOWS\System32\OpenSSH\;C:\Program Files\Docker\Docker\resources\bin;%NVM_HOME%;%NVM_SYMLINK%;D:\BACKUP\SOFTWARE\JDK-17\bin;C:\Program Files\MySQL\MySQL Shell 8.0\bin\;C:\Users\dears\AppData\Local\Programs\Python\Python311\Scripts\;C:\Users\dears\AppData\Local\Programs\Python\Python311\;C:\Users\dears\AppData\Local\Microsoft\WindowsApps;C:\Program Files\Azure Data Studio\bin;D:\BACKUP\SOFTWARE\apache-maven-3.9.4\bin;C:\ProgramData\dears\GitHubDesktop\bin;C:\Users\dears\AppData\Roaming\npm;C:\Users\dears\AppData\Local\Programs\Microsoft VS Code\bin;C:\Users\dears\AppData\Local\nvm;C:\nvm4w\nodejs
USERNAME=dears
OS=Windows_NT
PROCESSOR_IDENTIFIER=Intel64 Family 6 Model 154 Stepping 3, GenuineIntel
TMP=C:\Users\dears\AppData\Local\Temp
TEMP=C:\Users\dears\AppData\Local\Temp




Periodic native trim disabled

---------------  S Y S T E M  ---------------

OS:
 Windows 11 , 64 bit Build 26100 (10.0.26100.7309)
OS uptime: 12 days 18:23 hours
Hyper-V role detected

CPU: total 16 (initial active 16) (8 cores per cpu, 2 threads per core) family 6 model 154 stepping 3 microcode 0x42c, cx8, cmov, fxsr, ht, mmx, 3dnowpref, sse, sse2, sse3, ssse3, sse4.1, sse4.2, popcnt, lzcnt, tsc, tscinvbit, avx, avx2, aes, erms, clmul, bmi1, bmi2, adx, sha, fma, vzeroupper, clflush, clflushopt, clwb, hv, serialize, rdtscp, rdpid, fsrm, f16c, cet_ibt, cet_ss
Processor Information for processor 0
  Max Mhz: 2100, Current Mhz: 2100, Mhz Limit: 2100
Processor Information for processor 1
  Max Mhz: 2100, Current Mhz: 2100, Mhz Limit: 2100
Processor Information for processor 2
  Max Mhz: 2100, Current Mhz: 2100, Mhz Limit: 2100
Processor Information for processor 3
  Max Mhz: 2100, Current Mhz: 1453, Mhz Limit: 2100
Processor Information for processor 4
  Max Mhz: 2100, Current Mhz: 2100, Mhz Limit: 2100
Processor Information for processor 5
  Max Mhz: 2100, Current Mhz: 2100, Mhz Limit: 2100
Processor Information for processor 6
  Max Mhz: 2100, Current Mhz: 2100, Mhz Limit: 2100
Processor Information for processor 7
  Max Mhz: 2100, Current Mhz: 2100, Mhz Limit: 2100
Processor Information for processor 8
  Max Mhz: 2100, Current Mhz: 1500, Mhz Limit: 1491
Processor Information for processor 9
  Max Mhz: 2100, Current Mhz: 1500, Mhz Limit: 1491
Processor Information for processor 10
  Max Mhz: 2100, Current Mhz: 1500, Mhz Limit: 1491
Processor Information for processor 11
  Max Mhz: 2100, Current Mhz: 1500, Mhz Limit: 1491
Processor Information for processor 12
  Max Mhz: 2100, Current Mhz: 1500, Mhz Limit: 1491
Processor Information for processor 13
  Max Mhz: 2100, Current Mhz: 1500, Mhz Limit: 1491
Processor Information for processor 14
  Max Mhz: 2100, Current Mhz: 1500, Mhz Limit: 1491
Processor Information for processor 15
  Max Mhz: 2100, Current Mhz: 1500, Mhz Limit: 1491

Memory: 4k page, system-wide physical 16052M (1943M free)
TotalPageFile size 65204M (AvailPageFile size 2M)
current process WorkingSet (physical memory assigned to process): 34M, peak: 1232M
current process commit charge ("private bytes"): 1170M, peak: 1207M

vm_info: OpenJDK 64-Bit Server VM (21.0.9+10-LTS) for windows-amd64 JRE (21.0.9+10-LTS), built on 2025-10-21T00:00:00Z by "admin" with unknown MS VC++:1942

END.
