#
# There is insufficient memory for the Java Runtime Environment to continue.
# Native memory allocation (malloc) failed to allocate 1460176 bytes. Error detail: Chunk::new
# Possible reasons:
#   The system is out of physical RAM or swap space
#   This process is running with CompressedOops enabled, and the Java Heap may be blocking the growth of the native heap
# Possible solutions:
#   Reduce memory load on the system
#   Increase physical memory or swap space
#   Check if swap backing store is full
#   Decrease Java heap size (-Xmx/-Xms)
#   Decrease number of Java threads
#   Decrease Java thread stack sizes (-Xss)
#   Set larger code cache with -XX:ReservedCodeCacheSize=
#   JVM is running with Unscaled Compressed Oops mode in which the Java heap is
#     placed in the first 4GB address space. The Java Heap base address is the
#     maximum limit for the native heap growth. Please use -XX:HeapBaseMinAddress
#     to set the Java Heap base and to place the Java Heap above 4GB virtual address.
# This output file may be truncated or incomplete.
#
#  Out of Memory Error (arena.cpp:168), pid=19568, tid=31456
#
# JRE version: OpenJDK Runtime Environment Temurin-21.0.9+10 (21.0.9+10) (build 21.0.9+10-LTS)
# Java VM: OpenJDK 64-Bit Server VM Temurin-21.0.9+10 (21.0.9+10-LTS, mixed mode, sharing, tiered, compressed oops, compressed class ptrs, parallel gc, windows-amd64)
# No core dump will be written. Minidumps are not enabled by default on client versions of Windows
#

---------------  S U M M A R Y ------------

Command Line: --add-modules=ALL-SYSTEM --add-opens=java.base/java.util=ALL-UNNAMED --add-opens=java.base/java.lang=ALL-UNNAMED --add-opens=java.base/sun.nio.fs=ALL-UNNAMED -Declipse.application=org.eclipse.jdt.ls.core.id1 -Dosgi.bundles.defaultStartLevel=4 -Declipse.product=org.eclipse.jdt.ls.core.product -Djava.import.generatesMetadataFilesAtProjectRoot=false -DDetectVMInstallationsJob.disabled=true -Dfile.encoding=utf8 -XX:+UseParallelGC -XX:GCTimeRatio=4 -XX:AdaptiveSizePolicyWeight=90 -Dsun.zip.disableMemoryMapping=true -Xmx2G -Xms100m -Xlog:disable -javaagent:c:\Users\dears\.vscode\extensions\redhat.java-1.50.0-win32-x64\lombok\lombok-1.18.39-4050.jar -XX:+HeapDumpOnOutOfMemoryError -XX:HeapDumpPath=c:\Users\dears\AppData\Roaming\Code\User\workspaceStorage\d3d7117cd461c3c55b8a97cf9eed5ad9\redhat.java -Daether.dependencyCollector.impl=bf c:\Users\dears\.vscode\extensions\redhat.java-1.50.0-win32-x64\server\plugins\org.eclipse.equinox.launcher_1.7.100.v20251111-0406.jar -configuration c:\Users\dears\AppData\Roaming\Code\User\globalStorage\redhat.java\1.50.0\config_win -data c:\Users\dears\AppData\Roaming\Code\User\workspaceStorage\d3d7117cd461c3c55b8a97cf9eed5ad9\redhat.java\jdt_ws --pipe=\\.\pipe\lsp-06e318ba7d2253585c63184172ccb9d8-sock

Host: 12th Gen Intel(R) Core(TM) i7-1260P, 16 cores, 15G,  Windows 11 , 64 bit Build 26100 (10.0.26100.7309)
Time: Tue Jan  6 05:32:09 2026 Eastern Standard Time elapsed time: 6.058976 seconds (0d 0h 0m 6s)

---------------  T H R E A D  ---------------

Current thread (0x000001876a701240):  JavaThread "C2 CompilerThread1" daemon [_thread_in_native, id=31456, stack(0x0000006404500000,0x0000006404600000) (1024K)]


Current CompileTask:
C2:6059 7085   !   4       com.google.inject.spi.InjectionPoint::getInjectionPoints (489 bytes)

Stack: [0x0000006404500000,0x0000006404600000]
Native frames: (J=compiled Java code, j=interpreted, Vv=VM code, C=native code)
V  [jvm.dll+0x6d6e29]
V  [jvm.dll+0x8b4b76]
V  [jvm.dll+0x8b712e]
V  [jvm.dll+0x8b7813]
V  [jvm.dll+0x283d86]
V  [jvm.dll+0xc66ed]
V  [jvm.dll+0xc6c31]
V  [jvm.dll+0x3be501]
V  [jvm.dll+0x38ab92]
V  [jvm.dll+0x389fda]
V  [jvm.dll+0x24bfa0]
V  [jvm.dll+0x24b580]
V  [jvm.dll+0x1cb13e]
V  [jvm.dll+0x25b29d]
V  [jvm.dll+0x25982a]
V  [jvm.dll+0x3f7ea6]
V  [jvm.dll+0x85e9ad]
V  [jvm.dll+0x6d565d]
C  [ucrtbase.dll+0x37b0]
C  [KERNEL32.DLL+0x2e8d7]
C  [ntdll.dll+0x8c53c]


---------------  P R O C E S S  ---------------

Threads class SMR info:
_java_thread_list=0x000001877602c840, length=65, elements={
0x00000187118e42f0, 0x00000187119863c0, 0x00000187691fb770, 0x00000187691fe360,
0x0000018711989260, 0x000001871198aef0, 0x0000018711992cd0, 0x000001871199b8b0,
0x000001871199ceb0, 0x000001876a6af530, 0x000001876a6afbd0, 0x000001876a701240,
0x000001876a70c890, 0x000001876a82d990, 0x0000018770012100, 0x000001877016bb40,
0x0000018770a62970, 0x00000187706d1b20, 0x00000187710941d0, 0x0000018771023cc0,
0x00000187709c5170, 0x000001877137e320, 0x0000018770f4f2e0, 0x0000018770f520d0,
0x0000018770f513b0, 0x0000018770f52760, 0x0000018770f50000, 0x00000187722c8eb0,
0x0000018770f50690, 0x0000018770f51a40, 0x0000018770f50d20, 0x0000018774b518f0,
0x0000018774b51260, 0x0000018774b52610, 0x0000018774b51f80, 0x0000018774b52ca0,
0x0000018774b53330, 0x0000018774b50bd0, 0x0000018774b539c0, 0x0000018774b56120,
0x0000018774b54050, 0x0000018774b567b0, 0x0000018774b55400, 0x0000018774b57b60,
0x0000018774b55a90, 0x0000018774b56e40, 0x0000018774b546e0, 0x0000018774b574d0,
0x0000018774b54d70, 0x0000018774b581f0, 0x0000018774aebf10, 0x0000018774aeb880,
0x0000018774aea4d0, 0x0000018774aecc30, 0x0000018774aed2c0, 0x0000018774aec5a0,
0x0000018774ae9e40, 0x0000018774aed950, 0x0000018774aedfe0, 0x0000018774aeab60,
0x0000018774aee670, 0x0000018774aeb1f0, 0x0000018774af0dd0, 0x0000018774aeed00,
0x0000018774aef390
}

Java Threads: ( => current thread )
  0x00000187118e42f0 JavaThread "main"                              [_thread_blocked, id=20068, stack(0x0000006403700000,0x0000006403800000) (1024K)]
  0x00000187119863c0 JavaThread "Reference Handler"          daemon [_thread_blocked, id=11764, stack(0x0000006403b00000,0x0000006403c00000) (1024K)]
  0x00000187691fb770 JavaThread "Finalizer"                  daemon [_thread_blocked, id=17528, stack(0x0000006403c00000,0x0000006403d00000) (1024K)]
  0x00000187691fe360 JavaThread "Signal Dispatcher"          daemon [_thread_blocked, id=52068, stack(0x0000006403d00000,0x0000006403e00000) (1024K)]
  0x0000018711989260 JavaThread "Attach Listener"            daemon [_thread_blocked, id=42548, stack(0x0000006403e00000,0x0000006403f00000) (1024K)]
  0x000001871198aef0 JavaThread "Service Thread"             daemon [_thread_blocked, id=33080, stack(0x0000006403f00000,0x0000006404000000) (1024K)]
  0x0000018711992cd0 JavaThread "Monitor Deflation Thread"   daemon [_thread_blocked, id=39652, stack(0x0000006404000000,0x0000006404100000) (1024K)]
  0x000001871199b8b0 JavaThread "C2 CompilerThread0"         daemon [_thread_in_native, id=26348, stack(0x0000006404100000,0x0000006404200000) (1024K)]
  0x000001871199ceb0 JavaThread "C1 CompilerThread0"         daemon [_thread_blocked, id=50704, stack(0x0000006404200000,0x0000006404300000) (1024K)]
  0x000001876a6af530 JavaThread "C1 CompilerThread1"         daemon [_thread_blocked, id=20528, stack(0x0000006404300000,0x0000006404400000) (1024K)]
  0x000001876a6afbd0 JavaThread "C1 CompilerThread2"         daemon [_thread_blocked, id=29420, stack(0x0000006404400000,0x0000006404500000) (1024K)]
=>0x000001876a701240 JavaThread "C2 CompilerThread1"         daemon [_thread_in_native, id=31456, stack(0x0000006404500000,0x0000006404600000) (1024K)]
  0x000001876a70c890 JavaThread "C1 CompilerThread3"         daemon [_thread_blocked, id=20808, stack(0x0000006404600000,0x0000006404700000) (1024K)]
  0x000001876a82d990 JavaThread "Common-Cleaner"             daemon [_thread_blocked, id=37592, stack(0x0000006404700000,0x0000006404800000) (1024K)]
  0x0000018770012100 JavaThread "Notification Thread"        daemon [_thread_blocked, id=57248, stack(0x0000006404800000,0x0000006404900000) (1024K)]
  0x000001877016bb40 JavaThread "C2 CompilerThread2"         daemon [_thread_in_native, id=9044, stack(0x0000006404900000,0x0000006404a00000) (1024K)]
  0x0000018770a62970 JavaThread "Active Thread: Equinox Container: cff7862b-3715-4e8a-9a4e-de0d5af5e697"        [_thread_blocked, id=29388, stack(0x0000006405100000,0x0000006405200000) (1024K)]
  0x00000187706d1b20 JavaThread "Refresh Thread: Equinox Container: cff7862b-3715-4e8a-9a4e-de0d5af5e697" daemon [_thread_blocked, id=35664, stack(0x0000006405300000,0x0000006405400000) (1024K)]
  0x00000187710941d0 JavaThread "Framework Event Dispatcher: Equinox Container: cff7862b-3715-4e8a-9a4e-de0d5af5e697" daemon [_thread_blocked, id=56228, stack(0x0000006405400000,0x0000006405500000) (1024K)]
  0x0000018771023cc0 JavaThread "Start Level: Equinox Container: cff7862b-3715-4e8a-9a4e-de0d5af5e697" daemon [_thread_blocked, id=9432, stack(0x0000006405500000,0x0000006405600000) (1024K)]
  0x00000187709c5170 JavaThread "Bundle File Closer"         daemon [_thread_blocked, id=27100, stack(0x0000006405900000,0x0000006405a00000) (1024K)]
  0x000001877137e320 JavaThread "SCR Component Actor"        daemon [_thread_blocked, id=37448, stack(0x0000006405a00000,0x0000006405b00000) (1024K)]
  0x0000018770f4f2e0 JavaThread "Worker-JM"                         [_thread_blocked, id=35404, stack(0x0000006405d00000,0x0000006405e00000) (1024K)]
  0x0000018770f520d0 JavaThread "JNA Cleaner"                daemon [_thread_blocked, id=25056, stack(0x0000006404a00000,0x0000006404b00000) (1024K)]
  0x0000018770f513b0 JavaThread "Worker-0"                          [_thread_blocked, id=56740, stack(0x0000006405e00000,0x0000006405f00000) (1024K)]
  0x0000018770f52760 JavaThread "Worker-1"                          [_thread_blocked, id=52872, stack(0x0000006405f00000,0x0000006406000000) (1024K)]
  0x0000018770f50000 JavaThread "Worker-2"                          [_thread_blocked, id=48872, stack(0x0000006406000000,0x0000006406100000) (1024K)]
  0x00000187722c8eb0 JavaThread "C2 CompilerThread3"         daemon [_thread_in_native, id=56708, stack(0x0000006406100000,0x0000006406200000) (1024K)]
  0x0000018770f50690 JavaThread "Java indexing"              daemon [_thread_blocked, id=41072, stack(0x0000006406200000,0x0000006406300000) (1024K)]
  0x0000018770f51a40 JavaThread "Worker-3: Initialize workspace"        [_thread_blocked, id=16172, stack(0x0000006406500000,0x0000006406600000) (1024K)]
  0x0000018770f50d20 JavaThread "Thread-1"                   daemon [_thread_in_native, id=54316, stack(0x0000006406600000,0x0000006406700000) (1024K)]
  0x0000018774b518f0 JavaThread "Thread-2"                   daemon [_thread_in_native, id=12412, stack(0x0000006406700000,0x0000006406800000) (1024K)]
  0x0000018774b51260 JavaThread "Thread-3"                   daemon [_thread_in_native, id=39276, stack(0x0000006406800000,0x0000006406900000) (1024K)]
  0x0000018774b52610 JavaThread "Thread-4"                   daemon [_thread_in_native, id=7224, stack(0x0000006406900000,0x0000006406a00000) (1024K)]
  0x0000018774b51f80 JavaThread "Thread-5"                   daemon [_thread_in_native, id=39712, stack(0x0000006406a00000,0x0000006406b00000) (1024K)]
  0x0000018774b52ca0 JavaThread "Thread-6"                   daemon [_thread_in_native, id=55156, stack(0x0000006406b00000,0x0000006406c00000) (1024K)]
  0x0000018774b53330 JavaThread "Thread-7"                   daemon [_thread_in_native, id=48120, stack(0x0000006406c00000,0x0000006406d00000) (1024K)]
  0x0000018774b50bd0 JavaThread "Thread-8"                   daemon [_thread_in_native, id=23276, stack(0x0000006406d00000,0x0000006406e00000) (1024K)]
  0x0000018774b539c0 JavaThread "Thread-9"                   daemon [_thread_in_native, id=55452, stack(0x0000006406e00000,0x0000006406f00000) (1024K)]
  0x0000018774b56120 JavaThread "Thread-10"                  daemon [_thread_in_native, id=33656, stack(0x0000006406f00000,0x0000006407000000) (1024K)]
  0x0000018774b54050 JavaThread "Thread-11"                  daemon [_thread_in_native, id=19532, stack(0x0000006407000000,0x0000006407100000) (1024K)]
  0x0000018774b567b0 JavaThread "Thread-12"                  daemon [_thread_in_native, id=52976, stack(0x0000006407100000,0x0000006407200000) (1024K)]
  0x0000018774b55400 JavaThread "Thread-13"                  daemon [_thread_in_native, id=52640, stack(0x0000006407200000,0x0000006407300000) (1024K)]
  0x0000018774b57b60 JavaThread "Thread-14"                  daemon [_thread_in_native, id=28392, stack(0x0000006407300000,0x0000006407400000) (1024K)]
  0x0000018774b55a90 JavaThread "Thread-15"                  daemon [_thread_in_native, id=51184, stack(0x0000006407400000,0x0000006407500000) (1024K)]
  0x0000018774b56e40 JavaThread "Thread-16"                  daemon [_thread_in_native, id=51044, stack(0x0000006407500000,0x0000006407600000) (1024K)]
  0x0000018774b546e0 JavaThread "Thread-17"                  daemon [_thread_in_native, id=35184, stack(0x0000006407600000,0x0000006407700000) (1024K)]
  0x0000018774b574d0 JavaThread "pool-2-thread-1"                   [_thread_blocked, id=46208, stack(0x0000006407700000,0x0000006407800000) (1024K)]
  0x0000018774b54d70 JavaThread "WorkspaceEventsHandler"            [_thread_blocked, id=43968, stack(0x0000006407b00000,0x0000006407c00000) (1024K)]
  0x0000018774b581f0 JavaThread "pool-1-thread-1"                   [_thread_blocked, id=45452, stack(0x0000006407c00000,0x0000006407d00000) (1024K)]
  0x0000018774aebf10 JavaThread "ForkJoinPool.commonPool-worker-1" daemon [_thread_blocked, id=48556, stack(0x0000006407d00000,0x0000006407e00000) (1024K)]
  0x0000018774aeb880 JavaThread "ForkJoinPool.commonPool-worker-2" daemon [_thread_blocked, id=53068, stack(0x0000006407e00000,0x0000006407f00000) (1024K)]
  0x0000018774aea4d0 JavaThread "ForkJoinPool.commonPool-worker-3" daemon [_thread_blocked, id=44984, stack(0x0000006407f00000,0x0000006408000000) (1024K)]
  0x0000018774aecc30 JavaThread "ForkJoinPool.commonPool-worker-4" daemon [_thread_blocked, id=54984, stack(0x0000006408000000,0x0000006408100000) (1024K)]
  0x0000018774aed2c0 JavaThread "ForkJoinPool.commonPool-worker-5" daemon [_thread_blocked, id=48356, stack(0x0000006408100000,0x0000006408200000) (1024K)]
  0x0000018774aec5a0 JavaThread "ForkJoinPool.commonPool-worker-6" daemon [_thread_blocked, id=42444, stack(0x0000006408200000,0x0000006408300000) (1024K)]
  0x0000018774ae9e40 JavaThread "ForkJoinPool.commonPool-worker-7" daemon [_thread_blocked, id=39560, stack(0x0000006408300000,0x0000006408400000) (1024K)]
  0x0000018774aed950 JavaThread "ForkJoinPool.commonPool-worker-8" daemon [_thread_blocked, id=13480, stack(0x0000006408400000,0x0000006408500000) (1024K)]
  0x0000018774aedfe0 JavaThread "ForkJoinPool.commonPool-worker-9" daemon [_thread_blocked, id=22820, stack(0x0000006408500000,0x0000006408600000) (1024K)]
  0x0000018774aeab60 JavaThread "ForkJoinPool.commonPool-worker-10" daemon [_thread_blocked, id=56780, stack(0x0000006408600000,0x0000006408700000) (1024K)]
  0x0000018774aee670 JavaThread "ForkJoinPool.commonPool-worker-11" daemon [_thread_in_vm, id=27952, stack(0x0000006408700000,0x0000006408800000) (1024K)]
  0x0000018774aeb1f0 JavaThread "ForkJoinPool.commonPool-worker-12" daemon [_thread_blocked, id=56256, stack(0x0000006408800000,0x0000006408900000) (1024K)]
  0x0000018774af0dd0 JavaThread "ForkJoinPool.commonPool-worker-13" daemon [_thread_blocked, id=3144, stack(0x0000006408900000,0x0000006408a00000) (1024K)]
  0x0000018774aeed00 JavaThread "ForkJoinPool.commonPool-worker-14" daemon [_thread_blocked, id=46560, stack(0x0000006408a00000,0x0000006408b00000) (1024K)]
  0x0000018774aef390 JavaThread "ForkJoinPool.commonPool-worker-15" daemon [_thread_blocked, id=23000, stack(0x0000006408b00000,0x0000006408c00000) (1024K)]
Total: 65

Other Threads:
  0x000001870f59ebf0 VMThread "VM Thread"                           [id=55264, stack(0x0000006403a00000,0x0000006403b00000) (1024K)]
  0x00000187690dca00 WatcherThread "VM Periodic Task Thread"        [id=31336, stack(0x0000006403900000,0x0000006403a00000) (1024K)]
  0x00000187119028c0 WorkerThread "GC Thread#0"                     [id=53896, stack(0x0000006403800000,0x0000006403900000) (1024K)]
  0x00000187705a1cd0 WorkerThread "GC Thread#1"                     [id=9324, stack(0x0000006404b00000,0x0000006404c00000) (1024K)]
  0x00000187705a2070 WorkerThread "GC Thread#2"                     [id=55740, stack(0x0000006404c00000,0x0000006404d00000) (1024K)]
  0x00000187705a2410 WorkerThread "GC Thread#3"                     [id=10256, stack(0x0000006404d00000,0x0000006404e00000) (1024K)]
  0x00000187705a27b0 WorkerThread "GC Thread#4"                     [id=38796, stack(0x0000006404e00000,0x0000006404f00000) (1024K)]
  0x00000187708a21e0 WorkerThread "GC Thread#5"                     [id=21900, stack(0x0000006404f00000,0x0000006405000000) (1024K)]
  0x00000187708a2580 WorkerThread "GC Thread#6"                     [id=52392, stack(0x0000006405000000,0x0000006405100000) (1024K)]
  0x00000187707ae150 WorkerThread "GC Thread#7"                     [id=45700, stack(0x0000006405200000,0x0000006405300000) (1024K)]
  0x00000187711e0ea0 WorkerThread "GC Thread#8"                     [id=25812, stack(0x0000006405600000,0x0000006405700000) (1024K)]
  0x0000018770a71930 WorkerThread "GC Thread#9"                     [id=55128, stack(0x0000006405700000,0x0000006405800000) (1024K)]
  0x0000018770a72070 WorkerThread "GC Thread#10"                    [id=56384, stack(0x0000006405800000,0x0000006405900000) (1024K)]
  0x0000018770a72410 WorkerThread "GC Thread#11"                    [id=56188, stack(0x0000006405b00000,0x0000006405c00000) (1024K)]
  0x0000018770a711f0 WorkerThread "GC Thread#12"                    [id=42856, stack(0x0000006405c00000,0x0000006405d00000) (1024K)]
Total: 15

Threads with active compile tasks:
C2 CompilerThread0  7102 7365 %s!   4       org.eclipse.jdt.internal.core.index.DiskIndex::readCategoryTable @ 260 (743 bytes)
C1 CompilerThread1  7102 7398       3       java.lang.invoke.MethodHandles::insertArgumentsChecks (51 bytes)
C2 CompilerThread1  7102 7085   !   4       com.google.inject.spi.InjectionPoint::getInjectionPoints (489 bytes)
C1 CompilerThread3  7103 7397       3       java.lang.invoke.MethodHandles::insertArguments (98 bytes)
C2 CompilerThread3  7103 7336       4       java.lang.invoke.MethodType::makeImpl (109 bytes)
Total: 5

VM state: not at safepoint (normal execution)

VM Mutex/Monitor currently owned by a thread: None

Heap address: 0x0000000080000000, size: 2048 MB, Compressed Oops mode: 32-bit

CDS archive(s) mapped at: [0x0000018728000000-0x0000018728ba0000-0x0000018728ba0000), size 12189696, SharedBaseAddress: 0x0000018728000000, ArchiveRelocationMode: 1.
Compressed class space mapped at: 0x0000018729000000-0x0000018769000000, reserved size: 1073741824
Narrow klass base: 0x0000018728000000, Narrow klass shift: 0, Narrow klass range: 0x100000000

GC Precious Log:
 CardTable entry size: 512
 CPUs: 16 total, 16 available
 Memory: 16052M
 Large Page Support: Disabled
 NUMA Support: Disabled
 Compressed Oops: Enabled (32-bit)
 Alignments: Space 512K, Generation 512K, Heap 2M
 Heap Min Capacity: 100M
 Heap Initial Capacity: 100M
 Heap Max Capacity: 2G
 Pre-touch: Disabled
 Parallel Workers: 13

Heap:
 PSYoungGen      total 14848K, used 2590K [0x00000000d5580000, 0x00000000d6d80000, 0x0000000100000000)
  eden space 14336K, 14% used [0x00000000d5580000,0x00000000d578f9d0,0x00000000d6380000)
  from space 512K, 93% used [0x00000000d6900000,0x00000000d6978220,0x00000000d6980000)
  to   space 5120K, 0% used [0x00000000d6380000,0x00000000d6380000,0x00000000d6880000)
 ParOldGen       total 68608K, used 38390K [0x0000000080000000, 0x0000000084300000, 0x00000000d5580000)
  object space 68608K, 55% used [0x0000000080000000,0x000000008257d890,0x0000000084300000)
 Metaspace       used 48043K, committed 49344K, reserved 1114112K
  class space    used 5227K, committed 5760K, reserved 1048576K

Card table byte_map: [0x0000018711190000,0x00000187115a0000] _byte_map_base: 0x0000018710d90000

Marking Bits: (ParMarkBitMap*) 0x00007ffd10fb2460
 Begin Bits: [0x0000018723ae0000, 0x0000018725ae0000)
 End Bits:   [0x0000018725ae0000, 0x0000018727ae0000)

Polling page: 0x000001870f450000

Metaspace:

Usage:
  Non-class:     41.81 MB used.
      Class:      5.10 MB used.
       Both:     46.92 MB used.

Virtual space:
  Non-class space:       64.00 MB reserved,      42.56 MB ( 67%) committed,  1 nodes.
      Class space:        1.00 GB reserved,       5.62 MB ( <1%) committed,  1 nodes.
             Both:        1.06 GB reserved,      48.19 MB (  4%) committed. 

Chunk freelists:
   Non-Class:  4.92 MB
       Class:  10.39 MB
        Both:  15.31 MB

MaxMetaspaceSize: unlimited
CompressedClassSpaceSize: 1.00 GB
Initial GC threshold: 21.00 MB
Current GC threshold: 58.38 MB
CDS: on
 - commit_granule_bytes: 65536.
 - commit_granule_words: 8192.
 - virtual_space_node_default_size: 8388608.
 - enlarge_chunks_in_place: 1.
 - use_allocation_guard: 0.


Internal statistics:

num_allocs_failed_limit: 8.
num_arena_births: 958.
num_arena_deaths: 14.
num_vsnodes_births: 2.
num_vsnodes_deaths: 0.
num_space_committed: 771.
num_space_uncommitted: 0.
num_chunks_returned_to_freelist: 22.
num_chunks_taken_from_freelist: 3129.
num_chunk_merges: 6.
num_chunk_splits: 1932.
num_chunks_enlarged: 1136.
num_inconsistent_stats: 0.

CodeHeap 'non-profiled nmethods': size=119168Kb used=4088Kb max_used=4088Kb free=115079Kb
 bounds [0x000001871c680000, 0x000001871ca80000, 0x0000018723ae0000]
CodeHeap 'profiled nmethods': size=119104Kb used=14512Kb max_used=14512Kb free=104591Kb
 bounds [0x0000018714ae0000, 0x0000018715910000, 0x000001871bf30000]
CodeHeap 'non-nmethods': size=7488Kb used=3058Kb max_used=3116Kb free=4429Kb
 bounds [0x000001871bf30000, 0x000001871c250000, 0x000001871c680000]
CodeCache: size=245760Kb, used=21658Kb, max_used=21716Kb, free=224099Kb
 total_blobs=7492, nmethods=6821, adapters=574, full_count=0
Compilation: enabled, stopped_count=0, restarted_count=0

Compilation events (20 events):
Event: 6.003 Thread 0x000001876a6afbd0 7360       3       org.eclipse.jdt.internal.compiler.util.HashtableOfObject::get (56 bytes)
Event: 6.003 Thread 0x000001871199ceb0 7359       3       java.util.concurrent.ForkJoinPool$WorkQueue::casSlotToNull (20 bytes)
Event: 6.004 Thread 0x000001876a6af530 nmethod 7358 0x00000187158ed790 code [0x00000187158ed980, 0x00000187158ede08]
Event: 6.004 Thread 0x000001871199ceb0 nmethod 7359 0x00000187158ee110 code [0x00000187158ee2a0, 0x00000187158ee3e0]
Event: 6.004 Thread 0x000001876a6afbd0 nmethod 7360 0x00000187158ee490 code [0x00000187158ee680, 0x00000187158eeab0]
Event: 6.010 Thread 0x000001871199ceb0 7362       3       org.eclipse.core.runtime.Path::computeSegments (163 bytes)
Event: 6.011 Thread 0x000001876a70c890 7363       3       org.eclipse.core.runtime.Path::computeSegmentCount (86 bytes)
Event: 6.013 Thread 0x000001876a70c890 nmethod 7363 0x00000187158eed10 code [0x00000187158eefa0, 0x00000187158efd18]
Event: 6.013 Thread 0x000001871199ceb0 nmethod 7362 0x00000187158f0290 code [0x00000187158f05e0, 0x00000187158f1c70]
Event: 6.013 Thread 0x000001876a6af530 7364       3       jdk.internal.org.objectweb.asm.MethodVisitor::visitFieldInsn (20 bytes)
Event: 6.014 Thread 0x000001876a6af530 nmethod 7364 0x00000187158f2510 code [0x00000187158f26c0, 0x00000187158f28c8]
Event: 6.028 Thread 0x000001871199b8b0 nmethod 7331 0x000001871ca74990 code [0x000001871ca74d80, 0x000001871ca75f98]
Event: 6.028 Thread 0x000001876a70c890 7366       3       org.eclipse.core.runtime.Path::toOSString (224 bytes)
Event: 6.029 Thread 0x000001871199ceb0 7367       2       java.util.ArrayList::toArray (57 bytes)
Event: 6.029 Thread 0x000001871199ceb0 nmethod 7367 0x00000187158f2990 code [0x00000187158f2b60, 0x00000187158f2ed0]
Event: 6.030 Thread 0x000001876a70c890 nmethod 7366 0x00000187158f3010 code [0x00000187158f3280, 0x00000187158f3c90]
Event: 6.031 Thread 0x000001871199b8b0 7347       4       java.util.HashSet::add (20 bytes)
Event: 6.032 Thread 0x000001876a6af530 7369       3       org.eclipse.jdt.internal.core.index.DiskIndex::readStreamChars (529 bytes)
Event: 6.033 Thread 0x000001876a6af530 nmethod 7369 0x00000187158f4110 code [0x00000187158f43a0, 0x00000187158f5260]
Event: 6.035 Thread 0x000001877016bb40 nmethod 7340 0x000001871ca76d10 code [0x000001871ca76f80, 0x000001871ca77f00]

GC Heap History (20 events):
Event: 3.580 GC heap before
{Heap before GC invocations=17 (full 2):
 PSYoungGen      total 16384K, used 16384K [0x00000000d5580000, 0x00000000d8100000, 0x0000000100000000)
  eden space 14336K, 100% used [0x00000000d5580000,0x00000000d6380000,0x00000000d6380000)
  from space 2048K, 100% used [0x00000000d6e80000,0x00000000d7080000,0x00000000d7080000)
  to   space 11264K, 0% used [0x00000000d6380000,0x00000000d6380000,0x00000000d6e80000)
 ParOldGen       total 68608K, used 26982K [0x0000000080000000, 0x0000000084300000, 0x00000000d5580000)
  object space 68608K, 39% used [0x0000000080000000,0x0000000081a59978,0x0000000084300000)
 Metaspace       used 37854K, committed 39104K, reserved 1114112K
  class space    used 3944K, committed 4480K, reserved 1048576K
}
Event: 3.583 GC heap after
{Heap after GC invocations=17 (full 2):
 PSYoungGen      total 16384K, used 1856K [0x00000000d5580000, 0x00000000d6f00000, 0x0000000100000000)
  eden space 14336K, 0% used [0x00000000d5580000,0x00000000d5580000,0x00000000d6380000)
  from space 2048K, 90% used [0x00000000d6380000,0x00000000d6550000,0x00000000d6580000)
  to   space 4608K, 0% used [0x00000000d6a80000,0x00000000d6a80000,0x00000000d6f00000)
 ParOldGen       total 68608K, used 29020K [0x0000000080000000, 0x0000000084300000, 0x00000000d5580000)
  object space 68608K, 42% used [0x0000000080000000,0x0000000081c57208,0x0000000084300000)
 Metaspace       used 37854K, committed 39104K, reserved 1114112K
  class space    used 3944K, committed 4480K, reserved 1048576K
}
Event: 4.042 GC heap before
{Heap before GC invocations=18 (full 2):
 PSYoungGen      total 16384K, used 16192K [0x00000000d5580000, 0x00000000d6f00000, 0x0000000100000000)
  eden space 14336K, 100% used [0x00000000d5580000,0x00000000d6380000,0x00000000d6380000)
  from space 2048K, 90% used [0x00000000d6380000,0x00000000d6550000,0x00000000d6580000)
  to   space 4608K, 0% used [0x00000000d6a80000,0x00000000d6a80000,0x00000000d6f00000)
 ParOldGen       total 68608K, used 29020K [0x0000000080000000, 0x0000000084300000, 0x00000000d5580000)
  object space 68608K, 42% used [0x0000000080000000,0x0000000081c57208,0x0000000084300000)
 Metaspace       used 38780K, committed 40064K, reserved 1114112K
  class space    used 4089K, committed 4672K, reserved 1048576K
}
Event: 4.045 GC heap after
{Heap after GC invocations=18 (full 2):
 PSYoungGen      total 15360K, used 608K [0x00000000d5580000, 0x00000000d6b80000, 0x0000000100000000)
  eden space 14336K, 0% used [0x00000000d5580000,0x00000000d5580000,0x00000000d6380000)
  from space 1024K, 59% used [0x00000000d6a80000,0x00000000d6b18000,0x00000000d6b80000)
  to   space 1536K, 0% used [0x00000000d6880000,0x00000000d6880000,0x00000000d6a00000)
 ParOldGen       total 68608K, used 30601K [0x0000000080000000, 0x0000000084300000, 0x00000000d5580000)
  object space 68608K, 44% used [0x0000000080000000,0x0000000081de2418,0x0000000084300000)
 Metaspace       used 38780K, committed 40064K, reserved 1114112K
  class space    used 4089K, committed 4672K, reserved 1048576K
}
Event: 4.206 GC heap before
{Heap before GC invocations=19 (full 2):
 PSYoungGen      total 15360K, used 14944K [0x00000000d5580000, 0x00000000d6b80000, 0x0000000100000000)
  eden space 14336K, 100% used [0x00000000d5580000,0x00000000d6380000,0x00000000d6380000)
  from space 1024K, 59% used [0x00000000d6a80000,0x00000000d6b18000,0x00000000d6b80000)
  to   space 1536K, 0% used [0x00000000d6880000,0x00000000d6880000,0x00000000d6a00000)
 ParOldGen       total 68608K, used 30601K [0x0000000080000000, 0x0000000084300000, 0x00000000d5580000)
  object space 68608K, 44% used [0x0000000080000000,0x0000000081de2418,0x0000000084300000)
 Metaspace       used 39822K, committed 41088K, reserved 1114112K
  class space    used 4218K, committed 4800K, reserved 1048576K
}
Event: 4.208 GC heap after
{Heap after GC invocations=19 (full 2):
 PSYoungGen      total 15872K, used 672K [0x00000000d5580000, 0x00000000d6b00000, 0x0000000100000000)
  eden space 14336K, 0% used [0x00000000d5580000,0x00000000d5580000,0x00000000d6380000)
  from space 1536K, 43% used [0x00000000d6880000,0x00000000d6928000,0x00000000d6a00000)
  to   space 1024K, 0% used [0x00000000d6a00000,0x00000000d6a00000,0x00000000d6b00000)
 ParOldGen       total 68608K, used 30977K [0x0000000080000000, 0x0000000084300000, 0x00000000d5580000)
  object space 68608K, 45% used [0x0000000080000000,0x0000000081e40418,0x0000000084300000)
 Metaspace       used 39822K, committed 41088K, reserved 1114112K
  class space    used 4218K, committed 4800K, reserved 1048576K
}
Event: 4.420 GC heap before
{Heap before GC invocations=20 (full 2):
 PSYoungGen      total 15872K, used 15008K [0x00000000d5580000, 0x00000000d6b00000, 0x0000000100000000)
  eden space 14336K, 100% used [0x00000000d5580000,0x00000000d6380000,0x00000000d6380000)
  from space 1536K, 43% used [0x00000000d6880000,0x00000000d6928000,0x00000000d6a00000)
  to   space 1024K, 0% used [0x00000000d6a00000,0x00000000d6a00000,0x00000000d6b00000)
 ParOldGen       total 68608K, used 30977K [0x0000000080000000, 0x0000000084300000, 0x00000000d5580000)
  object space 68608K, 45% used [0x0000000080000000,0x0000000081e40418,0x0000000084300000)
 Metaspace       used 41339K, committed 42624K, reserved 1114112K
  class space    used 4409K, committed 4992K, reserved 1048576K
}
Event: 4.420 GC heap after
{Heap after GC invocations=20 (full 2):
 PSYoungGen      total 15360K, used 834K [0x00000000d5580000, 0x00000000d6b00000, 0x0000000100000000)
  eden space 14336K, 0% used [0x00000000d5580000,0x00000000d5580000,0x00000000d6380000)
  from space 1024K, 81% used [0x00000000d6a00000,0x00000000d6ad0a10,0x00000000d6b00000)
  to   space 1024K, 0% used [0x00000000d6900000,0x00000000d6900000,0x00000000d6a00000)
 ParOldGen       total 68608K, used 31321K [0x0000000080000000, 0x0000000084300000, 0x00000000d5580000)
  object space 68608K, 45% used [0x0000000080000000,0x0000000081e96418,0x0000000084300000)
 Metaspace       used 41339K, committed 42624K, reserved 1114112K
  class space    used 4409K, committed 4992K, reserved 1048576K
}
Event: 4.701 GC heap before
{Heap before GC invocations=21 (full 2):
 PSYoungGen      total 15360K, used 15170K [0x00000000d5580000, 0x00000000d6b00000, 0x0000000100000000)
  eden space 14336K, 100% used [0x00000000d5580000,0x00000000d6380000,0x00000000d6380000)
  from space 1024K, 81% used [0x00000000d6a00000,0x00000000d6ad0a10,0x00000000d6b00000)
  to   space 1024K, 0% used [0x00000000d6900000,0x00000000d6900000,0x00000000d6a00000)
 ParOldGen       total 68608K, used 31321K [0x0000000080000000, 0x0000000084300000, 0x00000000d5580000)
  object space 68608K, 45% used [0x0000000080000000,0x0000000081e96418,0x0000000084300000)
 Metaspace       used 42875K, committed 44160K, reserved 1114112K
  class space    used 4612K, committed 5184K, reserved 1048576K
}
Event: 4.704 GC heap after
{Heap after GC invocations=21 (full 2):
 PSYoungGen      total 15360K, used 1024K [0x00000000d5580000, 0x00000000d6a80000, 0x0000000100000000)
  eden space 14336K, 0% used [0x00000000d5580000,0x00000000d5580000,0x00000000d6380000)
  from space 1024K, 100% used [0x00000000d6900000,0x00000000d6a00000,0x00000000d6a00000)
  to   space 512K, 0% used [0x00000000d6a00000,0x00000000d6a00000,0x00000000d6a80000)
 ParOldGen       total 68608K, used 31809K [0x0000000080000000, 0x0000000084300000, 0x00000000d5580000)
  object space 68608K, 46% used [0x0000000080000000,0x0000000081f10418,0x0000000084300000)
 Metaspace       used 42875K, committed 44160K, reserved 1114112K
  class space    used 4612K, committed 5184K, reserved 1048576K
}
Event: 4.960 GC heap before
{Heap before GC invocations=22 (full 2):
 PSYoungGen      total 15360K, used 15360K [0x00000000d5580000, 0x00000000d6a80000, 0x0000000100000000)
  eden space 14336K, 100% used [0x00000000d5580000,0x00000000d6380000,0x00000000d6380000)
  from space 1024K, 100% used [0x00000000d6900000,0x00000000d6a00000,0x00000000d6a00000)
  to   space 512K, 0% used [0x00000000d6a00000,0x00000000d6a00000,0x00000000d6a80000)
 ParOldGen       total 68608K, used 31809K [0x0000000080000000, 0x0000000084300000, 0x00000000d5580000)
  object space 68608K, 46% used [0x0000000080000000,0x0000000081f10418,0x0000000084300000)
 Metaspace       used 44653K, committed 45952K, reserved 1114112K
  class space    used 4858K, committed 5440K, reserved 1048576K
}
Event: 4.964 GC heap after
{Heap after GC invocations=22 (full 2):
 PSYoungGen      total 14848K, used 512K [0x00000000d5580000, 0x00000000d6a80000, 0x0000000100000000)
  eden space 14336K, 0% used [0x00000000d5580000,0x00000000d5580000,0x00000000d6380000)
  from space 512K, 100% used [0x00000000d6a00000,0x00000000d6a80000,0x00000000d6a80000)
  to   space 2048K, 0% used [0x00000000d6680000,0x00000000d6680000,0x00000000d6880000)
 ParOldGen       total 68608K, used 32932K [0x0000000080000000, 0x0000000084300000, 0x00000000d5580000)
  object space 68608K, 48% used [0x0000000080000000,0x0000000082029148,0x0000000084300000)
 Metaspace       used 44653K, committed 45952K, reserved 1114112K
  class space    used 4858K, committed 5440K, reserved 1048576K
}
Event: 5.243 GC heap before
{Heap before GC invocations=23 (full 2):
 PSYoungGen      total 14848K, used 14848K [0x00000000d5580000, 0x00000000d6a80000, 0x0000000100000000)
  eden space 14336K, 100% used [0x00000000d5580000,0x00000000d6380000,0x00000000d6380000)
  from space 512K, 100% used [0x00000000d6a00000,0x00000000d6a80000,0x00000000d6a80000)
  to   space 2048K, 0% used [0x00000000d6680000,0x00000000d6680000,0x00000000d6880000)
 ParOldGen       total 68608K, used 32932K [0x0000000080000000, 0x0000000084300000, 0x00000000d5580000)
  object space 68608K, 48% used [0x0000000080000000,0x0000000082029148,0x0000000084300000)
 Metaspace       used 46263K, committed 47552K, reserved 1114112K
  class space    used 5049K, committed 5632K, reserved 1048576K
}
Event: 5.246 GC heap after
{Heap after GC invocations=23 (full 2):
 PSYoungGen      total 16384K, used 1113K [0x00000000d5580000, 0x00000000d6a80000, 0x0000000100000000)
  eden space 14336K, 0% used [0x00000000d5580000,0x00000000d5580000,0x00000000d6380000)
  from space 2048K, 54% used [0x00000000d6680000,0x00000000d67965e0,0x00000000d6880000)
  to   space 1536K, 0% used [0x00000000d6900000,0x00000000d6900000,0x00000000d6a80000)
 ParOldGen       total 68608K, used 33452K [0x0000000080000000, 0x0000000084300000, 0x00000000d5580000)
  object space 68608K, 48% used [0x0000000080000000,0x00000000820ab148,0x0000000084300000)
 Metaspace       used 46263K, committed 47552K, reserved 1114112K
  class space    used 5049K, committed 5632K, reserved 1048576K
}
Event: 5.579 GC heap before
{Heap before GC invocations=24 (full 2):
 PSYoungGen      total 16384K, used 15449K [0x00000000d5580000, 0x00000000d6a80000, 0x0000000100000000)
  eden space 14336K, 99% used [0x00000000d5580000,0x00000000d637fff0,0x00000000d6380000)
  from space 2048K, 54% used [0x00000000d6680000,0x00000000d67965e0,0x00000000d6880000)
  to   space 1536K, 0% used [0x00000000d6900000,0x00000000d6900000,0x00000000d6a80000)
 ParOldGen       total 68608K, used 33452K [0x0000000080000000, 0x0000000084300000, 0x00000000d5580000)
  object space 68608K, 48% used [0x0000000080000000,0x00000000820ab148,0x0000000084300000)
 Metaspace       used 46812K, committed 48064K, reserved 1114112K
  class space    used 5100K, committed 5632K, reserved 1048576K
}
Event: 5.581 GC heap after
{Heap after GC invocations=24 (full 2):
 PSYoungGen      total 15360K, used 518K [0x00000000d5580000, 0x00000000d6a00000, 0x0000000100000000)
  eden space 14336K, 0% used [0x00000000d5580000,0x00000000d5580000,0x00000000d6380000)
  from space 1024K, 50% used [0x00000000d6900000,0x00000000d6981b48,0x00000000d6a00000)
  to   space 1024K, 0% used [0x00000000d6800000,0x00000000d6800000,0x00000000d6900000)
 ParOldGen       total 68608K, used 34367K [0x0000000080000000, 0x0000000084300000, 0x00000000d5580000)
  object space 68608K, 50% used [0x0000000080000000,0x000000008218fdf8,0x0000000084300000)
 Metaspace       used 46812K, committed 48064K, reserved 1114112K
  class space    used 5100K, committed 5632K, reserved 1048576K
}
Event: 5.735 GC heap before
{Heap before GC invocations=25 (full 2):
 PSYoungGen      total 15360K, used 14854K [0x00000000d5580000, 0x00000000d6a00000, 0x0000000100000000)
  eden space 14336K, 100% used [0x00000000d5580000,0x00000000d6380000,0x00000000d6380000)
  from space 1024K, 50% used [0x00000000d6900000,0x00000000d6981b48,0x00000000d6a00000)
  to   space 1024K, 0% used [0x00000000d6800000,0x00000000d6800000,0x00000000d6900000)
 ParOldGen       total 68608K, used 34367K [0x0000000080000000, 0x0000000084300000, 0x00000000d5580000)
  object space 68608K, 50% used [0x0000000080000000,0x000000008218fdf8,0x0000000084300000)
 Metaspace       used 46927K, committed 48256K, reserved 1114112K
  class space    used 5114K, committed 5696K, reserved 1048576K
}
Event: 5.737 GC heap after
{Heap after GC invocations=25 (full 2):
 PSYoungGen      total 15360K, used 704K [0x00000000d5580000, 0x00000000d6980000, 0x0000000100000000)
  eden space 14336K, 0% used [0x00000000d5580000,0x00000000d5580000,0x00000000d6380000)
  from space 1024K, 68% used [0x00000000d6800000,0x00000000d68b0000,0x00000000d6900000)
  to   space 512K, 0% used [0x00000000d6900000,0x00000000d6900000,0x00000000d6980000)
 ParOldGen       total 68608K, used 34565K [0x0000000080000000, 0x0000000084300000, 0x00000000d5580000)
  object space 68608K, 50% used [0x0000000080000000,0x00000000821c15c0,0x0000000084300000)
 Metaspace       used 46927K, committed 48256K, reserved 1114112K
  class space    used 5114K, committed 5696K, reserved 1048576K
}
Event: 6.024 GC heap before
{Heap before GC invocations=26 (full 2):
 PSYoungGen      total 15360K, used 15040K [0x00000000d5580000, 0x00000000d6980000, 0x0000000100000000)
  eden space 14336K, 100% used [0x00000000d5580000,0x00000000d6380000,0x00000000d6380000)
  from space 1024K, 68% used [0x00000000d6800000,0x00000000d68b0000,0x00000000d6900000)
  to   space 512K, 0% used [0x00000000d6900000,0x00000000d6900000,0x00000000d6980000)
 ParOldGen       total 68608K, used 34565K [0x0000000080000000, 0x0000000084300000, 0x00000000d5580000)
  object space 68608K, 50% used [0x0000000080000000,0x00000000821c15c0,0x0000000084300000)
 Metaspace       used 47843K, committed 49088K, reserved 1114112K
  class space    used 5208K, committed 5760K, reserved 1048576K
}
Event: 6.027 GC heap after
{Heap after GC invocations=26 (full 2):
 PSYoungGen      total 14848K, used 480K [0x00000000d5580000, 0x00000000d6d80000, 0x0000000100000000)
  eden space 14336K, 0% used [0x00000000d5580000,0x00000000d5580000,0x00000000d6380000)
  from space 512K, 93% used [0x00000000d6900000,0x00000000d6978220,0x00000000d6980000)
  to   space 5120K, 0% used [0x00000000d6380000,0x00000000d6380000,0x00000000d6880000)
 ParOldGen       total 68608K, used 38390K [0x0000000080000000, 0x0000000084300000, 0x00000000d5580000)
  object space 68608K, 55% used [0x0000000080000000,0x000000008257d890,0x0000000084300000)
 Metaspace       used 47843K, committed 49088K, reserved 1114112K
  class space    used 5208K, committed 5760K, reserved 1048576K
}

Dll operation events (10 events):
Event: 0.011 Loaded shared library c:\Users\dears\.vscode\extensions\redhat.java-1.50.0-win32-x64\jre\21.0.9-win32-x86_64\bin\java.dll
Event: 0.066 Loaded shared library c:\Users\dears\.vscode\extensions\redhat.java-1.50.0-win32-x64\jre\21.0.9-win32-x86_64\bin\zip.dll
Event: 0.083 Loaded shared library C:\Users\dears\.vscode\extensions\redhat.java-1.50.0-win32-x64\jre\21.0.9-win32-x86_64\bin\instrument.dll
Event: 0.087 Loaded shared library C:\Users\dears\.vscode\extensions\redhat.java-1.50.0-win32-x64\jre\21.0.9-win32-x86_64\bin\net.dll
Event: 0.088 Loaded shared library C:\Users\dears\.vscode\extensions\redhat.java-1.50.0-win32-x64\jre\21.0.9-win32-x86_64\bin\nio.dll
Event: 0.090 Loaded shared library C:\Users\dears\.vscode\extensions\redhat.java-1.50.0-win32-x64\jre\21.0.9-win32-x86_64\bin\zip.dll
Event: 0.104 Loaded shared library C:\Users\dears\.vscode\extensions\redhat.java-1.50.0-win32-x64\jre\21.0.9-win32-x86_64\bin\jimage.dll
Event: 0.151 Loaded shared library c:\Users\dears\.vscode\extensions\redhat.java-1.50.0-win32-x64\jre\21.0.9-win32-x86_64\bin\verify.dll
Event: 0.788 Loaded shared library C:\Users\dears\AppData\Roaming\Code\User\globalStorage\redhat.java\1.50.0\config_win\org.eclipse.equinox.launcher\org.eclipse.equinox.launcher.win32.win32.x86_64_1.2.1400.v20250801-0854\eclipse_11916.dll
Event: 1.624 Loaded shared library C:\Users\dears\AppData\Local\Temp\jna-95457857\jna15700649105180409346.dll

Deoptimization events (20 events):
Event: 6.008 Thread 0x0000018774aee670 DEOPT PACKING pc=0x000001871c701078 sp=0x00000064087fe0a0
Event: 6.008 Thread 0x0000018774aee670 DEOPT UNPACKING pc=0x000001871bf83aa2 sp=0x00000064087fdfe8 mode 2
Event: 6.008 Thread 0x0000018774aee670 Uncommon trap: trap_request=0xffffff45 fr.pc=0x000001871c6cf1d4 relative=0x0000000000000f74
Event: 6.009 Thread 0x0000018774aee670 Uncommon trap: reason=unstable_if action=reinterpret pc=0x000001871c6cf1d4 method=org.eclipse.core.runtime.Path.computeLength()I @ 92 c2
Event: 6.009 Thread 0x0000018774aee670 DEOPT PACKING pc=0x000001871c6cf1d4 sp=0x00000064087fe220
Event: 6.009 Thread 0x0000018774aee670 DEOPT UNPACKING pc=0x000001871bf83aa2 sp=0x00000064087fe160 mode 2
Event: 6.010 Thread 0x0000018774aee670 DEOPT PACKING pc=0x0000018714d5617b sp=0x00000064087fdc40
Event: 6.010 Thread 0x0000018774aee670 DEOPT UNPACKING pc=0x000001871bf84242 sp=0x00000064087fd178 mode 0
Event: 6.010 Thread 0x0000018774aee670 Uncommon trap: trap_request=0xffffff45 fr.pc=0x000001871c6ac028 relative=0x0000000000000528
Event: 6.010 Thread 0x0000018774aee670 Uncommon trap: reason=unstable_if action=reinterpret pc=0x000001871c6ac028 method=org.eclipse.core.runtime.Path.computeSegmentCount(Ljava/lang/String;)I @ 11 c2
Event: 6.010 Thread 0x0000018774aee670 DEOPT PACKING pc=0x000001871c6ac028 sp=0x00000064087fdd30
Event: 6.011 Thread 0x0000018774aee670 DEOPT UNPACKING pc=0x000001871bf83aa2 sp=0x00000064087fdcc8 mode 2
Event: 6.015 Thread 0x0000018774aee670 Uncommon trap: trap_request=0xffffff45 fr.pc=0x000001871c8f8208 relative=0x00000000000001e8
Event: 6.015 Thread 0x0000018774aee670 Uncommon trap: reason=unstable_if action=reinterpret pc=0x000001871c8f8208 method=org.eclipse.core.runtime.Path.computeLength()I @ 92 c2
Event: 6.027 Thread 0x0000018774aee670 DEOPT PACKING pc=0x000001871c8f8208 sp=0x00000064087fe440
Event: 6.027 Thread 0x0000018774aee670 DEOPT UNPACKING pc=0x000001871bf83aa2 sp=0x00000064087fe3d0 mode 2
Event: 6.032 Thread 0x0000018774aed950 Uncommon trap: trap_request=0xffffff45 fr.pc=0x000001871c760030 relative=0x0000000000000e10
Event: 6.032 Thread 0x0000018774aed950 Uncommon trap: reason=unstable_if action=reinterpret pc=0x000001871c760030 method=org.eclipse.jdt.internal.core.index.DiskIndex.readStreamChars(Ljava/io/InputStream;)[C @ 1 c2
Event: 6.032 Thread 0x0000018774aed950 DEOPT PACKING pc=0x000001871c760030 sp=0x00000064084fed60
Event: 6.032 Thread 0x0000018774aed950 DEOPT UNPACKING pc=0x000001871bf83aa2 sp=0x00000064084fecd8 mode 2

Classes loaded (20 events):
Event: 5.319 Loading class java/nio/file/FileVisitResult
Event: 5.319 Loading class java/nio/file/FileVisitResult done
Event: 5.923 Loading class java/util/Collections$SynchronizedRandomAccessList
Event: 5.923 Loading class java/util/Collections$SynchronizedList
Event: 5.923 Loading class java/util/Collections$SynchronizedList done
Event: 5.923 Loading class java/util/Collections$SynchronizedRandomAccessList done
Event: 5.945 Loading class java/util/concurrent/CompletableFuture$Signaller
Event: 5.945 Loading class java/util/concurrent/CompletableFuture$Signaller done
Event: 5.967 Loading class java/util/concurrent/CompletableFuture$UniApply
Event: 5.967 Loading class java/util/concurrent/CompletableFuture$UniCompletion
Event: 5.967 Loading class java/util/concurrent/CompletableFuture$UniCompletion done
Event: 5.967 Loading class java/util/concurrent/CompletableFuture$UniApply done
Event: 5.968 Loading class java/util/concurrent/CompletableFuture$UniAccept
Event: 5.968 Loading class java/util/concurrent/CompletableFuture$UniAccept done
Event: 5.968 Loading class java/util/concurrent/CompletableFuture$UniExceptionally
Event: 5.968 Loading class java/util/concurrent/CompletableFuture$UniExceptionally done
Event: 5.993 Loading class java/nio/file/InvalidPathException
Event: 5.993 Loading class java/nio/file/InvalidPathException done
Event: 6.030 Loading class java/util/Hashtable$KeySet
Event: 6.031 Loading class java/util/Hashtable$KeySet done

Classes unloaded (7 events):
Event: 1.910 Thread 0x000001870f59ebf0 Unloading class 0x00000187291acc00 'java/lang/invoke/LambdaForm$MH+0x00000187291acc00'
Event: 1.910 Thread 0x000001870f59ebf0 Unloading class 0x00000187291ac800 'java/lang/invoke/LambdaForm$MH+0x00000187291ac800'
Event: 1.910 Thread 0x000001870f59ebf0 Unloading class 0x00000187291ac400 'java/lang/invoke/LambdaForm$MH+0x00000187291ac400'
Event: 1.910 Thread 0x000001870f59ebf0 Unloading class 0x00000187291ac000 'java/lang/invoke/LambdaForm$MH+0x00000187291ac000'
Event: 1.910 Thread 0x000001870f59ebf0 Unloading class 0x00000187291abc00 'java/lang/invoke/LambdaForm$BMH+0x00000187291abc00'
Event: 1.910 Thread 0x000001870f59ebf0 Unloading class 0x00000187291ab800 'java/lang/invoke/LambdaForm$DMH+0x00000187291ab800'
Event: 1.910 Thread 0x000001870f59ebf0 Unloading class 0x00000187291aa400 'java/lang/invoke/LambdaForm$DMH+0x00000187291aa400'

Classes redefined (0 events):
No events

Internal exceptions (20 events):
Event: 5.864 Thread 0x0000018770f52760 Exception <a 'sun/nio/fs/WindowsException'{0x00000000d5a23260}> (0x00000000d5a23260) 
thrown [s\src\hotspot\share\prims\jni.cpp, line 520]
Event: 5.864 Thread 0x0000018770f52760 Exception <a 'sun/nio/fs/WindowsException'{0x00000000d5a27520}> (0x00000000d5a27520) 
thrown [s\src\hotspot\share\prims\jni.cpp, line 520]
Event: 5.865 Thread 0x0000018770f52760 Exception <a 'sun/nio/fs/WindowsException'{0x00000000d5a2d190}> (0x00000000d5a2d190) 
thrown [s\src\hotspot\share\prims\jni.cpp, line 520]
Event: 5.897 Thread 0x0000018774b581f0 Exception <a 'sun/nio/fs/WindowsException'{0x00000000d5b32a98}> (0x00000000d5b32a98) 
thrown [s\src\hotspot\share\prims\jni.cpp, line 520]
Event: 5.897 Thread 0x0000018774b581f0 Exception <a 'sun/nio/fs/WindowsException'{0x00000000d5b330c8}> (0x00000000d5b330c8) 
thrown [s\src\hotspot\share\prims\jni.cpp, line 520]
Event: 5.898 Thread 0x0000018774b581f0 Exception <a 'sun/nio/fs/WindowsException'{0x00000000d5b5bef0}> (0x00000000d5b5bef0) 
thrown [s\src\hotspot\share\prims\jni.cpp, line 520]
Event: 5.898 Thread 0x0000018774b581f0 Exception <a 'sun/nio/fs/WindowsException'{0x00000000d5b5c520}> (0x00000000d5b5c520) 
thrown [s\src\hotspot\share\prims\jni.cpp, line 520]
Event: 5.899 Thread 0x0000018774b581f0 Exception <a 'sun/nio/fs/WindowsException'{0x00000000d5b5d550}> (0x00000000d5b5d550) 
thrown [s\src\hotspot\share\prims\jni.cpp, line 520]
Event: 5.899 Thread 0x0000018774b581f0 Exception <a 'sun/nio/fs/WindowsException'{0x00000000d5b5db80}> (0x00000000d5b5db80) 
thrown [s\src\hotspot\share\prims\jni.cpp, line 520]
Event: 5.899 Thread 0x0000018774b581f0 Exception <a 'sun/nio/fs/WindowsException'{0x00000000d5b5e708}> (0x00000000d5b5e708) 
thrown [s\src\hotspot\share\prims\jni.cpp, line 520]
Event: 5.899 Thread 0x0000018774b581f0 Exception <a 'sun/nio/fs/WindowsException'{0x00000000d5b5ed38}> (0x00000000d5b5ed38) 
thrown [s\src\hotspot\share\prims\jni.cpp, line 520]
Event: 5.900 Thread 0x0000018774b581f0 Exception <a 'sun/nio/fs/WindowsException'{0x00000000d5b5f968}> (0x00000000d5b5f968) 
thrown [s\src\hotspot\share\prims\jni.cpp, line 520]
Event: 5.900 Thread 0x0000018774b581f0 Exception <a 'sun/nio/fs/WindowsException'{0x00000000d5b5ff28}> (0x00000000d5b5ff28) 
thrown [s\src\hotspot\share\prims\jni.cpp, line 520]
Event: 5.902 Thread 0x0000018774b581f0 Exception <a 'sun/nio/fs/WindowsException'{0x00000000d5b60d30}> (0x00000000d5b60d30) 
thrown [s\src\hotspot\share\prims\jni.cpp, line 520]
Event: 5.902 Thread 0x0000018774b581f0 Exception <a 'sun/nio/fs/WindowsException'{0x00000000d5b612f0}> (0x00000000d5b612f0) 
thrown [s\src\hotspot\share\prims\jni.cpp, line 520]
Event: 5.966 Thread 0x0000018774b581f0 Exception <a 'java/lang/IncompatibleClassChangeError'{0x00000000d5dc0b98}: Found class java.lang.Object, but interface was expected> (0x00000000d5dc0b98) 
thrown [s\src\hotspot\share\interpreter\linkResolver.cpp, line 840]
Event: 6.032 Thread 0x0000018774aed950 Implicit null exception at 0x000001871c75f264 to 0x000001871c76001c
Event: 6.032 Thread 0x0000018770f51a40 Exception <a 'java/io/FileNotFoundException'{0x00000000d5590bc8}> (0x00000000d5590bc8) 
thrown [s\src\hotspot\share\prims\jni.cpp, line 520]
Event: 6.032 Thread 0x0000018770f51a40 Exception <a 'java/io/FileNotFoundException'{0x00000000d5591bc8}> (0x00000000d5591bc8) 
thrown [s\src\hotspot\share\prims\jni.cpp, line 520]
Event: 6.033 Thread 0x0000018770f51a40 Exception <a 'java/io/FileNotFoundException'{0x00000000d5592920}> (0x00000000d5592920) 
thrown [s\src\hotspot\share\prims\jni.cpp, line 520]

ZGC Phase Switch (0 events):
No events

VM Operations (20 events):
Event: 4.701 Executing VM operation: ParallelGCFailedAllocation (Allocation Failure)
Event: 4.704 Executing VM operation: ParallelGCFailedAllocation (Allocation Failure) done
Event: 4.773 Executing VM operation: HandshakeAllThreads (Deoptimize)
Event: 4.773 Executing VM operation: HandshakeAllThreads (Deoptimize) done
Event: 4.960 Executing VM operation: ParallelGCFailedAllocation (Allocation Failure)
Event: 4.964 Executing VM operation: ParallelGCFailedAllocation (Allocation Failure) done
Event: 5.243 Executing VM operation: ParallelGCFailedAllocation (Allocation Failure)
Event: 5.246 Executing VM operation: ParallelGCFailedAllocation (Allocation Failure) done
Event: 5.579 Executing VM operation: ParallelGCFailedAllocation (Allocation Failure)
Event: 5.581 Executing VM operation: ParallelGCFailedAllocation (Allocation Failure) done
Event: 5.735 Executing VM operation: ParallelGCFailedAllocation (Allocation Failure)
Event: 5.737 Executing VM operation: ParallelGCFailedAllocation (Allocation Failure) done
Event: 5.787 Executing VM operation: HandshakeAllThreads (Deoptimize)
Event: 5.787 Executing VM operation: HandshakeAllThreads (Deoptimize) done
Event: 5.920 Executing VM operation: HandshakeAllThreads (Deoptimize)
Event: 5.920 Executing VM operation: HandshakeAllThreads (Deoptimize) done
Event: 5.920 Executing VM operation: HandshakeAllThreads (Deoptimize)
Event: 5.920 Executing VM operation: HandshakeAllThreads (Deoptimize) done
Event: 6.015 Executing VM operation: ParallelGCFailedAllocation (Allocation Failure)
Event: 6.027 Executing VM operation: ParallelGCFailedAllocation (Allocation Failure) done

Memory protections (0 events):
No events

Nmethod flushes (20 events):
Event: 2.870 Thread 0x000001870f59ebf0 flushing  nmethod 0x000001871519a610
Event: 2.870 Thread 0x000001870f59ebf0 flushing  nmethod 0x00000187151c9190
Event: 2.870 Thread 0x000001870f59ebf0 flushing  nmethod 0x00000187151cd890
Event: 2.870 Thread 0x000001870f59ebf0 flushing  nmethod 0x00000187151cf210
Event: 2.870 Thread 0x000001870f59ebf0 flushing  nmethod 0x00000187151cfb10
Event: 2.870 Thread 0x000001870f59ebf0 flushing  nmethod 0x00000187151d0d10
Event: 2.870 Thread 0x000001870f59ebf0 flushing  nmethod 0x00000187151d1510
Event: 2.870 Thread 0x000001870f59ebf0 flushing  nmethod 0x00000187151d1c90
Event: 2.870 Thread 0x000001870f59ebf0 flushing  nmethod 0x00000187151d3210
Event: 2.870 Thread 0x000001870f59ebf0 flushing  nmethod 0x00000187151d3710
Event: 2.870 Thread 0x000001870f59ebf0 flushing  nmethod 0x00000187151d4410
Event: 2.870 Thread 0x000001870f59ebf0 flushing  nmethod 0x00000187151d5990
Event: 2.870 Thread 0x000001870f59ebf0 flushing  nmethod 0x00000187151d7410
Event: 2.870 Thread 0x000001870f59ebf0 flushing  nmethod 0x00000187151d8e90
Event: 2.870 Thread 0x000001870f59ebf0 flushing  nmethod 0x000001871521bc90
Event: 2.870 Thread 0x000001870f59ebf0 flushing  nmethod 0x000001871521c790
Event: 2.870 Thread 0x000001870f59ebf0 flushing  nmethod 0x0000018715222e90
Event: 2.870 Thread 0x000001870f59ebf0 flushing  nmethod 0x0000018715242e90
Event: 2.870 Thread 0x000001870f59ebf0 flushing  nmethod 0x0000018715249610
Event: 2.870 Thread 0x000001870f59ebf0 flushing  nmethod 0x00000187152fa110

Events (20 events):
Event: 2.989 Thread 0x00000187118e42f0 Thread added: 0x0000018774b54d70
Event: 2.989 Thread 0x00000187118e42f0 Thread added: 0x0000018774b581f0
Event: 3.113 Thread 0x0000018770f50000 Thread added: 0x0000018774aebf10
Event: 3.114 Thread 0x0000018770f50000 Thread added: 0x0000018774aeb880
Event: 3.114 Thread 0x0000018774aebf10 Thread added: 0x0000018774aea4d0
Event: 3.115 Thread 0x0000018774aeb880 Thread added: 0x0000018774aecc30
Event: 3.115 Thread 0x0000018774aea4d0 Thread added: 0x0000018774aed2c0
Event: 3.116 Thread 0x0000018774aecc30 Thread added: 0x0000018774aec5a0
Event: 3.117 Thread 0x0000018774aed2c0 Thread added: 0x0000018774ae9e40
Event: 3.118 Thread 0x0000018774aec5a0 Thread added: 0x0000018774aed950
Event: 3.119 Thread 0x0000018774ae9e40 Thread added: 0x0000018774aedfe0
Event: 3.121 Thread 0x0000018774aed950 Thread added: 0x0000018774aeab60
Event: 3.121 Thread 0x0000018774aedfe0 Thread added: 0x0000018774aee670
Event: 3.123 Thread 0x0000018774aeab60 Thread added: 0x0000018774aeb1f0
Event: 3.124 Thread 0x0000018774aee670 Thread added: 0x0000018774af0dd0
Event: 3.125 Thread 0x0000018774aeb1f0 Thread added: 0x0000018774aeed00
Event: 3.128 Thread 0x0000018774af0dd0 Thread added: 0x0000018774aef390
Event: 3.724 Thread 0x00000187722ca320 Thread exited: 0x00000187722ca320
Event: 4.390 Thread 0x00000187722cb790 Thread exited: 0x00000187722cb790
Event: 4.421 Thread 0x00000187722c9c50 Thread exited: 0x00000187722c9c50


Dynamic libraries:
0x00007ff77af10000 - 0x00007ff77af1e000 	c:\Users\dears\.vscode\extensions\redhat.java-1.50.0-win32-x64\jre\21.0.9-win32-x86_64\bin\java.exe
0x00007ffd977c0000 - 0x00007ffd97a27000 	C:\WINDOWS\SYSTEM32\ntdll.dll
0x00007ffd95f30000 - 0x00007ffd95ff9000 	C:\WINDOWS\System32\KERNEL32.DLL
0x00007ffd94910000 - 0x00007ffd94cff000 	C:\WINDOWS\System32\KERNELBASE.dll
0x00007ffd95230000 - 0x00007ffd9537b000 	C:\WINDOWS\System32\ucrtbase.dll
0x00007ffd736c0000 - 0x00007ffd736d8000 	c:\Users\dears\.vscode\extensions\redhat.java-1.50.0-win32-x64\jre\21.0.9-win32-x86_64\bin\jli.dll
0x00007ffd6f630000 - 0x00007ffd6f64e000 	c:\Users\dears\.vscode\extensions\redhat.java-1.50.0-win32-x64\jre\21.0.9-win32-x86_64\bin\VCRUNTIME140.dll
0x00007ffd96760000 - 0x00007ffd96925000 	C:\WINDOWS\System32\USER32.dll
0x00007ffd6dde0000 - 0x00007ffd6e073000 	C:\WINDOWS\WinSxS\amd64_microsoft.windows.common-controls_6595b64144ccf1df_6.0.26100.7309_none_3e05feeae336a044\COMCTL32.dll
0x00007ffd95140000 - 0x00007ffd95167000 	C:\WINDOWS\System32\win32u.dll
0x00007ffd97610000 - 0x00007ffd976b9000 	C:\WINDOWS\System32\msvcrt.dll
0x00007ffd96eb0000 - 0x00007ffd96edb000 	C:\WINDOWS\System32\GDI32.dll
0x00007ffd95430000 - 0x00007ffd9555c000 	C:\WINDOWS\System32\gdi32full.dll
0x00007ffd95380000 - 0x00007ffd95423000 	C:\WINDOWS\System32\msvcp_win.dll
0x00007ffd95cc0000 - 0x00007ffd95cf1000 	C:\WINDOWS\System32\IMM32.DLL
0x00007ffd8c9b0000 - 0x00007ffd8c9bc000 	c:\Users\dears\.vscode\extensions\redhat.java-1.50.0-win32-x64\jre\21.0.9-win32-x86_64\bin\vcruntime140_1.dll
0x00007ffd15200000 - 0x00007ffd1528d000 	c:\Users\dears\.vscode\extensions\redhat.java-1.50.0-win32-x64\jre\21.0.9-win32-x86_64\bin\msvcp140.dll
0x00007ffd102f0000 - 0x00007ffd11090000 	c:\Users\dears\.vscode\extensions\redhat.java-1.50.0-win32-x64\jre\21.0.9-win32-x86_64\bin\server\jvm.dll
0x00007ffd96090000 - 0x00007ffd96144000 	C:\WINDOWS\System32\ADVAPI32.dll
0x00007ffd976d0000 - 0x00007ffd97776000 	C:\WINDOWS\System32\sechost.dll
0x00007ffd96f70000 - 0x00007ffd97088000 	C:\WINDOWS\System32\RPCRT4.dll
0x00007ffd96ee0000 - 0x00007ffd96f54000 	C:\WINDOWS\System32\WS2_32.dll
0x00007ffd94770000 - 0x00007ffd947ce000 	C:\WINDOWS\SYSTEM32\POWRPROF.dll
0x00007ffd891a0000 - 0x00007ffd891d5000 	C:\WINDOWS\SYSTEM32\WINMM.dll
0x00007ffd82350000 - 0x00007ffd8235b000 	C:\WINDOWS\SYSTEM32\VERSION.dll
0x00007ffd94750000 - 0x00007ffd94764000 	C:\WINDOWS\SYSTEM32\UMPDC.dll
0x00007ffd936c0000 - 0x00007ffd936db000 	C:\WINDOWS\SYSTEM32\kernel.appcore.dll
0x00007ffd824e0000 - 0x00007ffd824ea000 	c:\Users\dears\.vscode\extensions\redhat.java-1.50.0-win32-x64\jre\21.0.9-win32-x86_64\bin\jimage.dll
0x00007ffd920a0000 - 0x00007ffd922e2000 	C:\WINDOWS\SYSTEM32\DBGHELP.DLL
0x00007ffd96170000 - 0x00007ffd964f5000 	C:\WINDOWS\System32\combase.dll
0x00007ffd96930000 - 0x00007ffd96a06000 	C:\WINDOWS\System32\OLEAUT32.dll
0x00007ffd6af50000 - 0x00007ffd6af8c000 	C:\WINDOWS\SYSTEM32\dbgcore.DLL
0x00007ffd95090000 - 0x00007ffd95135000 	C:\WINDOWS\System32\bcryptPrimitives.dll
0x00007ffd8c9a0000 - 0x00007ffd8c9af000 	c:\Users\dears\.vscode\extensions\redhat.java-1.50.0-win32-x64\jre\21.0.9-win32-x86_64\bin\instrument.dll
0x00007ffd5f8c0000 - 0x00007ffd5f8e0000 	c:\Users\dears\.vscode\extensions\redhat.java-1.50.0-win32-x64\jre\21.0.9-win32-x86_64\bin\java.dll
0x00007ffd95560000 - 0x00007ffd95cb3000 	C:\WINDOWS\System32\SHELL32.dll
0x00007ffd94f20000 - 0x00007ffd9508a000 	C:\WINDOWS\System32\wintypes.dll
0x00007ffd924e0000 - 0x00007ffd92d3e000 	C:\WINDOWS\SYSTEM32\windows.storage.dll
0x00007ffd96650000 - 0x00007ffd96745000 	C:\WINDOWS\System32\SHCORE.dll
0x00007ffd974c0000 - 0x00007ffd97526000 	C:\WINDOWS\System32\shlwapi.dll
0x00007ffd94830000 - 0x00007ffd94859000 	C:\WINDOWS\SYSTEM32\profapi.dll
0x00007ffd5f250000 - 0x00007ffd5f268000 	c:\Users\dears\.vscode\extensions\redhat.java-1.50.0-win32-x64\jre\21.0.9-win32-x86_64\bin\zip.dll
0x00007ffd8c990000 - 0x00007ffd8c9a0000 	C:\Users\dears\.vscode\extensions\redhat.java-1.50.0-win32-x64\jre\21.0.9-win32-x86_64\bin\net.dll
0x00007ffd88740000 - 0x00007ffd88868000 	C:\WINDOWS\SYSTEM32\WINHTTP.dll
0x00007ffd93c30000 - 0x00007ffd93c9b000 	C:\WINDOWS\system32\mswsock.dll
0x00007ffd8c970000 - 0x00007ffd8c986000 	C:\Users\dears\.vscode\extensions\redhat.java-1.50.0-win32-x64\jre\21.0.9-win32-x86_64\bin\nio.dll
0x00007ffd8c960000 - 0x00007ffd8c970000 	c:\Users\dears\.vscode\extensions\redhat.java-1.50.0-win32-x64\jre\21.0.9-win32-x86_64\bin\verify.dll
0x00007ffd5f910000 - 0x00007ffd5f954000 	C:\Users\dears\AppData\Roaming\Code\User\globalStorage\redhat.java\1.50.0\config_win\org.eclipse.equinox.launcher\org.eclipse.equinox.launcher.win32.win32.x86_64_1.2.1400.v20250801-0854\eclipse_11916.dll
0x00007ffd970c0000 - 0x00007ffd97257000 	C:\WINDOWS\System32\ole32.dll
0x00007ffd93ef0000 - 0x00007ffd93f0b000 	C:\WINDOWS\SYSTEM32\CRYPTSP.dll
0x00007ffd93620000 - 0x00007ffd9365a000 	C:\WINDOWS\system32\rsaenh.dll
0x00007ffd93ce0000 - 0x00007ffd93d0b000 	C:\WINDOWS\SYSTEM32\USERENV.dll
0x00007ffd94800000 - 0x00007ffd9482a000 	C:\WINDOWS\SYSTEM32\bcrypt.dll
0x00007ffd93f10000 - 0x00007ffd93f1c000 	C:\WINDOWS\SYSTEM32\CRYPTBASE.dll
0x00007ffd93140000 - 0x00007ffd93174000 	C:\WINDOWS\SYSTEM32\IPHLPAPI.DLL
0x00007ffd96a10000 - 0x00007ffd96a1a000 	C:\WINDOWS\System32\NSI.dll
0x00007ffd4cac0000 - 0x00007ffd4cb09000 	C:\Users\dears\AppData\Local\Temp\jna-95457857\jna15700649105180409346.dll
0x00007ffd96750000 - 0x00007ffd96758000 	C:\WINDOWS\System32\PSAPI.DLL
0x00007ffd8b430000 - 0x00007ffd8b44e000 	C:\WINDOWS\SYSTEM32\dhcpcsvc6.DLL
0x00007ffd8b0b0000 - 0x00007ffd8b0d3000 	C:\WINDOWS\SYSTEM32\dhcpcsvc.DLL

JVMTI agents:
c:\Users\dears\.vscode\extensions\redhat.java-1.50.0-win32-x64\lombok\lombok-1.18.39-4050.jar path:c:\Users\dears\.vscode\extensions\redhat.java-1.50.0-win32-x64\jre\21.0.9-win32-x86_64\bin\instrument.dll, loaded, initialized, instrumentlib options:none

dbghelp: loaded successfully - version: 4.0.5 - missing functions: none
symbol engine: initialized successfully - sym options: 0x614 - pdb path: .;c:\Users\dears\.vscode\extensions\redhat.java-1.50.0-win32-x64\jre\21.0.9-win32-x86_64\bin;C:\WINDOWS\SYSTEM32;C:\WINDOWS\WinSxS\amd64_microsoft.windows.common-controls_6595b64144ccf1df_6.0.26100.7309_none_3e05feeae336a044;c:\Users\dears\.vscode\extensions\redhat.java-1.50.0-win32-x64\jre\21.0.9-win32-x86_64\bin\server;C:\Users\dears\AppData\Roaming\Code\User\globalStorage\redhat.java\1.50.0\config_win\org.eclipse.equinox.launcher\org.eclipse.equinox.launcher.win32.win32.x86_64_1.2.1400.v20250801-0854;C:\Users\dears\AppData\Local\Temp\jna-95457857

VM Arguments:
jvm_args: --add-modules=ALL-SYSTEM --add-opens=java.base/java.util=ALL-UNNAMED --add-opens=java.base/java.lang=ALL-UNNAMED --add-opens=java.base/sun.nio.fs=ALL-UNNAMED -Declipse.application=org.eclipse.jdt.ls.core.id1 -Dosgi.bundles.defaultStartLevel=4 -Declipse.product=org.eclipse.jdt.ls.core.product -Djava.import.generatesMetadataFilesAtProjectRoot=false -DDetectVMInstallationsJob.disabled=true -Dfile.encoding=utf8 -XX:+UseParallelGC -XX:GCTimeRatio=4 -XX:AdaptiveSizePolicyWeight=90 -Dsun.zip.disableMemoryMapping=true -Xmx2G -Xms100m -Xlog:disable -javaagent:c:\Users\dears\.vscode\extensions\redhat.java-1.50.0-win32-x64\lombok\lombok-1.18.39-4050.jar -XX:+HeapDumpOnOutOfMemoryError -XX:HeapDumpPath=c:\Users\dears\AppData\Roaming\Code\User\workspaceStorage\d3d7117cd461c3c55b8a97cf9eed5ad9\redhat.java -Daether.dependencyCollector.impl=bf 
java_command: c:\Users\dears\.vscode\extensions\redhat.java-1.50.0-win32-x64\server\plugins\org.eclipse.equinox.launcher_1.7.100.v20251111-0406.jar -configuration c:\Users\dears\AppData\Roaming\Code\User\globalStorage\redhat.java\1.50.0\config_win -data c:\Users\dears\AppData\Roaming\Code\User\workspaceStorage\d3d7117cd461c3c55b8a97cf9eed5ad9\redhat.java\jdt_ws --pipe=\\.\pipe\lsp-06e318ba7d2253585c63184172ccb9d8-sock
java_class_path (initial): c:\Users\dears\.vscode\extensions\redhat.java-1.50.0-win32-x64\server\plugins\org.eclipse.equinox.launcher_1.7.100.v20251111-0406.jar
Launcher Type: SUN_STANDARD

[Global flags]
    uintx AdaptiveSizePolicyWeight                 = 90                                        {product} {command line}
     intx CICompilerCount                          = 12                                        {product} {ergonomic}
    uintx GCTimeRatio                              = 4                                         {product} {command line}
     bool HeapDumpOnOutOfMemoryError               = true                                   {manageable} {command line}
    ccstr HeapDumpPath                             = c:\Users\dears\AppData\Roaming\Code\User\workspaceStorage\d3d7117cd461c3c55b8a97cf9eed5ad9\redhat.java         {manageable} {command line}
   size_t InitialHeapSize                          = 104857600                                 {product} {command line}
   size_t MaxHeapSize                              = 2147483648                                {product} {command line}
   size_t MaxNewSize                               = 715653120                                 {product} {ergonomic}
   size_t MinHeapDeltaBytes                        = 524288                                    {product} {ergonomic}
   size_t MinHeapSize                              = 104857600                                 {product} {command line}
   size_t NewSize                                  = 34603008                                  {product} {ergonomic}
    uintx NonNMethodCodeHeapSize                   = 7602480                                {pd product} {ergonomic}
    uintx NonProfiledCodeHeapSize                  = 122027880                              {pd product} {ergonomic}
   size_t OldSize                                  = 70254592                                  {product} {ergonomic}
    uintx ProfiledCodeHeapSize                     = 122027880                              {pd product} {ergonomic}
    uintx ReservedCodeCacheSize                    = 251658240                              {pd product} {ergonomic}
     bool SegmentedCodeCache                       = true                                      {product} {ergonomic}
   size_t SoftMaxHeapSize                          = 2147483648                             {manageable} {ergonomic}
     bool UseCompressedOops                        = true                           {product lp64_product} {ergonomic}
     bool UseLargePagesIndividualAllocation        = false                                  {pd product} {ergonomic}
     bool UseParallelGC                            = true                                      {product} {command line}

Logging:
Log output configuration:
 #0: stdout all=off uptime,level,tags foldmultilines=false
 #1: stderr all=off uptime,level,tags foldmultilines=false

Release file:
JAVA_VERSION="21.0.9" 
MODULES="java.base java.compiler java.datatransfer java.xml java.prefs java.desktop java.instrument java.logging java.management java.security.sasl java.naming java.rmi java.management.rmi java.net.http java.scripting java.security.jgss java.transaction.xa java.sql java.sql.rowset java.xml.crypto java.se java.smartcardio jdk.accessibility jdk.internal.jvmstat jdk.attach jdk.charsets jdk.internal.opt jdk.zipfs jdk.compiler jdk.crypto.ec jdk.crypto.cryptoki jdk.crypto.mscapi jdk.dynalink jdk.internal.ed jdk.editpad jdk.hotspot.agent jdk.httpserver jdk.internal.le jdk.internal.vm.ci jdk.internal.vm.compiler jdk.internal.vm.compiler.management jdk.jartool jdk.javadoc jdk.jcmd jdk.management jdk.management.agent jdk.jconsole jdk.jdeps jdk.jdwp.agent jdk.jdi jdk.jfr jdk.jshell jdk.jsobject jdk.jstatd jdk.localedata jdk.management.jfr jdk.naming.dns jdk.naming.rmi jdk.net jdk.nio.mapmode jdk.random jdk.sctp jdk.security.auth jdk.security.jgss jdk.unsupported jdk.unsupported.desktop jdk.xml.dom" 

Environment Variables:
JAVA_HOME=D:\BACKUP\SOFTWARE\JDK-17\
PATH=D:\BACKUP\SOFTWARE\JDK-17\bin;C:\Python312\Scripts\;C:\Python312\;C:\Program Files\Common Files\Oracle\Java\javapath;C:\Program Files (x86)\Common Files\Oracle\Java\java8path;C:\Program Files (x86)\Common Files\Oracle\Java\javapath;C:\windows\system32;C:\windows;C:\windows\System32\Wbem;C:\windows\System32\WindowsPowerShell\v1.0\;C:\windows\System32\OpenSSH\;C:\Program Files\PuTTY\;C:\Program Files\dotnet\;C:\Program Files\WireGuard\;C:\Program Files (x86)\Microsoft SQL Server\160\Tools\Binn\;C:\Program Files\Microsoft SQL Server\160\Tools\Binn\;C:\Program Files\Microsoft SQL Server\Client SDK\ODBC\170\Tools\Binn\;C:\Program Files\Microsoft SQL Server\160\DTS\Binn\;C:\Program Files (x86)\Microsoft SQL Server\160\DTS\Binn\;C:\Program Files\Azure Data Studio\bin;C:\Program Files\MySQL\MySQL Server 8.0\bin;C:\Program Files\Git\cmd;D:\BACKUP\SOFTWARE\apache-maven-3.9.4\bin;C:\ProgramData\chocolatey\bin;C:\Program Files\HP\HP One Agent;C:\WINDOWS\system32;C:\WINDOWS;C:\WINDOWS\System32\Wbem;C:\WINDOWS\System32\WindowsPowerShell\v1.0\;C:\WINDOWS\System32\OpenSSH\;C:\Program Files\Docker\Docker\resources\bin;%NVM_HOME%;%NVM_SYMLINK%;D:\BACKUP\SOFTWARE\JDK-17\bin;C:\Program Files\MySQL\MySQL Shell 8.0\bin\;C:\Users\dears\AppData\Local\Programs\Python\Python311\Scripts\;C:\Users\dears\AppData\Local\Programs\Python\Python311\;C:\Users\dears\AppData\Local\Microsoft\WindowsApps;C:\Program Files\Azure Data Studio\bin;D:\BACKUP\SOFTWARE\apache-maven-3.9.4\bin;C:\ProgramData\dears\GitHubDesktop\bin;C:\Users\dears\AppData\Roaming\npm;C:\Users\dears\AppData\Local\Programs\Microsoft VS Code\bin;C:\Users\dears\AppData\Local\nvm;C:\nvm4w\nodejs
USERNAME=dears
OS=Windows_NT
PROCESSOR_IDENTIFIER=Intel64 Family 6 Model 154 Stepping 3, GenuineIntel
TMP=C:\Users\dears\AppData\Local\Temp
TEMP=C:\Users\dears\AppData\Local\Temp




Periodic native trim disabled

---------------  S Y S T E M  ---------------

OS:
 Windows 11 , 64 bit Build 26100 (10.0.26100.7309)
OS uptime: 12 days 19:04 hours
Hyper-V role detected

CPU: total 16 (initial active 16) (8 cores per cpu, 2 threads per core) family 6 model 154 stepping 3 microcode 0x42c, cx8, cmov, fxsr, ht, mmx, 3dnowpref, sse, sse2, sse3, ssse3, sse4.1, sse4.2, popcnt, lzcnt, tsc, tscinvbit, avx, avx2, aes, erms, clmul, bmi1, bmi2, adx, sha, fma, vzeroupper, clflush, clflushopt, clwb, hv, serialize, rdtscp, rdpid, fsrm, f16c, cet_ibt, cet_ss
Processor Information for processor 0
  Max Mhz: 2100, Current Mhz: 2100, Mhz Limit: 2100
Processor Information for processor 1
  Max Mhz: 2100, Current Mhz: 1453, Mhz Limit: 2100
Processor Information for processor 2
  Max Mhz: 2100, Current Mhz: 1453, Mhz Limit: 2100
Processor Information for processor 3
  Max Mhz: 2100, Current Mhz: 2100, Mhz Limit: 2100
Processor Information for processor 4
  Max Mhz: 2100, Current Mhz: 2100, Mhz Limit: 2100
Processor Information for processor 5
  Max Mhz: 2100, Current Mhz: 2100, Mhz Limit: 2100
Processor Information for processor 6
  Max Mhz: 2100, Current Mhz: 2100, Mhz Limit: 2100
Processor Information for processor 7
  Max Mhz: 2100, Current Mhz: 2100, Mhz Limit: 2100
Processor Information for processor 8
  Max Mhz: 2100, Current Mhz: 1500, Mhz Limit: 1491
Processor Information for processor 9
  Max Mhz: 2100, Current Mhz: 1500, Mhz Limit: 1491
Processor Information for processor 10
  Max Mhz: 2100, Current Mhz: 1500, Mhz Limit: 1491
Processor Information for processor 11
  Max Mhz: 2100, Current Mhz: 1500, Mhz Limit: 1491
Processor Information for processor 12
  Max Mhz: 2100, Current Mhz: 1500, Mhz Limit: 1491
Processor Information for processor 13
  Max Mhz: 2100, Current Mhz: 1500, Mhz Limit: 1491
Processor Information for processor 14
  Max Mhz: 2100, Current Mhz: 1500, Mhz Limit: 1491
Processor Information for processor 15
  Max Mhz: 2100, Current Mhz: 1500, Mhz Limit: 1491

Memory: 4k page, system-wide physical 16052M (1505M free)
TotalPageFile size 65204M (AvailPageFile size 2M)
current process WorkingSet (physical memory assigned to process): 234M, peak: 264M
current process commit charge ("private bytes"): 357M, peak: 414M

vm_info: OpenJDK 64-Bit Server VM (21.0.9+10-LTS) for windows-amd64 JRE (21.0.9+10-LTS), built on 2025-10-21T00:00:00Z by "admin" with unknown MS VC++:1942

END.
